=~=~=~=~=~=~=~=~=~=~=~= PuTTY log 2015.12.04 14:46:10 =~=~=~=~=~=~=~=~=~=~=~=
fsd

Oregon RFID Datalogger Version '4.06  '
Datalogger functions
 UP upload detection records
 UH show upload history
 UT upload time records
TagTracker functions
 EX export TagTracker database
 IM import TagTracker database
Reader configuration
 DT set date and time
 FR factory reset datalogger and reader
 ON set automatic on/off times
 CG change reader settings
 FM change date format 0=dd/mm/yyyy 1=mm/dd/yyyy
 MX enter mux sequence
 MV set minimum voltage before shutdown
 DM select detection messages to display
 CO enter comment to log file
Performance monitor
 SS show scans per second and pulse timings
 AD show reader voltages, amperages
 AV calibrate analog voltage
 RT read board temperature
 WR write tag id

>uo p
upload #33 start: 11/23/2015 16:25:29.52
Site code: tes
--------- upload 33 start ---------
11/23/2015 16:25:29.52 upload 32 complete
11/24/2015 09:09:18.98 supply power ok 18.2V
11/24/2015 09:09:18.98 database file opened
11/24/2015 09:09:18.98 starting reader after power up
11/24/2015 09:09:24.17 datalogger mode selected
11/24/2015 09:11:00.59  00:00:01.02 R 0000_0000000178692567   11   965
11/24/2015 09:11:04.43  00:00:00.82 R 0000_0000000178692568    9    27
11/24/2015 09:29:21.62 supply power ok 18.1V
11/24/2015 09:29:21.62 database file opened
11/24/2015 09:29:21.62 starting reader after power up
11/24/2015 09:31:44.29  00:00:01.31 R 0000_0000000178692568   14  1363
11/24/2015 09:31:49.13  00:00:12.18 R 0000_0000000178692568  121    34
11/24/2015 09:32:01.51  00:00:00.61 R 0000_0000000178692568    7     1
11/24/2015 09:37:25.08  00:00:00.71 R 0000_0000000178692567    8  3209
11/24/2015 09:37:52.05  00:00:00.00 A 900_226000096645    1   260
11/24/2015 09:38:15.53 datalogger mode selected
11/24/2015 09:38:20.45  00:00:00.10 A 900_226000096645    2   281
11/24/2015 09:38:22.38  00:00:00.41 A 900_226000096645    5    17
11/24/2015 09:38:22.99  23:59:59.50 A 900_226000096645    6     1
11/24/2015 09:38:24.69  23:59:59.82 A 900_226000096645    9     1
11/24/2015 09:38:24.71  00:00:00.10 A 900_226000096645    2     1
11/24/2015 09:38:31.57  00:00:00.20 A 900_226000096645    3    66
11/24/2015 09:38:31.38  00:00:00.00 A 900_226000096645    1     5
11/24/2015 09:38:32.58  00:00:00.61 A 900_226000096645    7     1
11/24/2015 09:38:42.25  00:00:00.60 A 900_226000096645    7    89
11/24/2015 09:38:44.57  00:00:00.00 A 900_226000096645    1     6
11/24/2015 09:47:24.36  00:00:00.60 A 900_226000587911    7  5176
11/24/2015 09:47:25.37  00:00:01.93 A 900_226000587911   20     3
11/24/2015 09:53:22.64  00:00:00.30 A 900_226000532612    4  3531
11/24/2015 09:53:23.24  00:00:01.22 A 900_226000532612   13     2
11/24/2015 10:00:52.95  00:00:00.00 A 900_226000588613    1  4457
11/24/2015 10:06:22.00  00:00:00.00 A 900_226000532995    1  3270
11/24/2015 10:06:22.20  00:00:00.31 A 900_226000532995    4     1
11/24/2015 10:06:24.03  00:00:01.81 A 900_226000532995   19    14
11/24/2015 10:06:27.36  00:00:01.11 A 900_226000532995   12    14
11/24/2015 10:06:29.78  00:00:01.43 A 900_226000532995   15    12
11/24/2015 10:06:34.04  00:00:00.50 A 900_226000532995    6    27
11/24/2015 10:06:41.38  00:00:01.22 A 900_226000532995   13    67
11/24/2015 10:06:51.45  00:00:00.10 A 900_226000532995    2    87
11/24/2015 10:06:51.17  00:00:02.20 A 900_226000532995   13     5
11/24/2015 10:15:42.23  00:00:00.10 A 900_226000540500    2  5256
11/24/2015 10:15:45.45  00:00:00.40 A 900_226000540500    5    30
11/24/2015 10:15:47.96  00:00:01.52 A 900_226000540500   16    20
11/24/2015 10:15:51.31  00:00:01.11 A 900_226000540500   12    17
11/24/2015 10:15:53.43  00:00:00.10 A 900_226000540500    2     9
11/24/2015 10:15:53.73  00:00:00.72 A 900_226000540500    8     1
11/24/2015 10:16:08.13  00:00:00.30 A 900_226000540500    4   135
11/24/2015 10:21:11.03  00:00:00.41 A 900_226000587065    5  3007
11/24/2015 10:21:11.74  00:00:04.97 A 900_226000587065   50     2
11/24/2015 10:21:24.46  00:00:00.30 A 900_226000587065    4    76
11/24/2015 10:21:24.97  00:00:00.00 A 900_226000587065    1     1
11/24/2015 10:21:24.17  00:00:00.30 A 900_226000587065    4     1
11/24/2015 10:21:43.59  00:00:00.00 A 900_226000587065    1   179
11/24/2015 10:21:43.79  00:00:00.00 A 900_226000587065    1     1
11/24/2015 10:24:30.96  00:00:00.11 A 900_226000084730    2  1661
11/24/2015 10:24:32.68  00:00:00.00 A 900_226000084730    1    15
11/24/2015 10:24:34.01  00:00:00.00 A 900_226000084730    1    12
11/24/2015 10:24:37.03  00:00:02.53 A 900_226000084730   26    29
11/24/2015 10:24:40.47  00:00:00.20 A 900_226000084730    3     8
11/24/2015 10:24:40.87  00:00:00.00 A 900_226000084730    1     1
11/24/2015 10:24:40.08  00:00:00.00 A 900_226000084730    1     1
11/24/2015 10:24:40.28  00:00:01.70 A 900_226000084730    8     1
11/24/2015 10:24:41.19  00:00:00.00 A 900_226000084730    1     1
11/24/2015 10:24:41.40  00:00:02.30 A 900_226000084730    4     1
11/24/2015 10:24:44.23  00:00:01.00 A 900_226000084730   11    14
11/24/2015 10:24:45.54  00:00:00.00 A 900_226000084730    1     2
11/24/2015 10:24:45.84  00:00:00.10 A 900_226000084730    2     2
11/24/2015 10:24:47.65  00:00:00.00 A 900_226000084730    1     6
11/24/2015 10:24:47.07  00:00:00.00 A 900_226000084730    1     3
11/24/2015 10:24:47.27  00:00:00.00 A 900_226000084730    1     1
11/24/2015 10:24:47.57  00:00:00.00 A 900_226000084730    1     2
11/24/2015 10:24:48.19  00:00:00.10 A 900_226000084730    2    15
11/24/2015 10:24:48.49  00:00:00.00 A 900_226000084730    1     1
11/24/2015 10:24:50.00  00:00:00.81 A 900_226000084730    9     4
11/24/2015 10:24:51.21  00:00:00.00 A 900_226000084730    1     3
11/24/2015 10:24:59.39  00:00:00.91 A 900_226000084730   10    80
11/24/2015 10:25:00.50  00:00:00.20 A 900_226000084730    3     1
11/24/2015 10:28:35.57  00:00:00.72 A 900_226000533809    8  2135
11/24/2015 10:28:36.59  00:00:01.22 A 900_226000533809   13     2
11/24/2015 10:28:43.04  00:00:01.21 A 900_226000533809   13    51
11/24/2015 10:28:44.45  00:00:00.41 A 900_226000533809    5     1
11/24/2015 10:28:46.28  00:00:01.41 A 900_226000533809   15    13
11/24/2015 10:31:02.80  00:00:00.41 A 900_226000101404    5  1342
11/24/2015 10:31:03.41  00:00:00.30 A 900_226000101404    4     1
11/24/2015 10:31:03.21  00:00:00.20 A 900_226000101404    3     4
11/24/2015 10:31:05.62  00:00:00.93 A 900_226000101404   20     1
11/24/2015 10:31:06.75  23:59:59.52 A 900_226000101404    6     1
11/24/2015 10:31:07.47  00:00:01.92 A 900_226000101404   20     1
11/24/2015 10:31:10.70  00:00:01.21 A 900_226000101404   13    12
11/24/2015 10:31:12.12  00:00:02.74 A 900_226000101404   28     1
11/24/2015 10:31:18.00  00:00:02.31 A 900_226000101404   14    40
11/24/2015 10:31:20.71  00:00:01.43 A 900_226000101404   15     3
11/24/2015 10:31:25.16  00:00:00.10 A 900_226000101404    2    29
11/24/2015 10:31:28.08  00:00:00.20 A 900_226000101404    3    27
11/24/2015 10:31:29.08  00:00:00.92 A 900_226000101404   10     7
11/24/2015 10:34:57.04  00:00:00.10 A 900_226000080476    2  2057
11/24/2015 10:35:00.66  00:00:00.60 A 900_226000080476    7    34
11/24/2015 10:35:01.96  00:00:02.14 A 900_226000080476   22     6
11/24/2015 10:35:19.40  00:00:01.11 A 900_226000080476   12   151
11/24/2015 10:35:38.41  00:00:01.84 A 900_226000532779   19   177
11/24/2015 10:35:42.46  00:00:01.22 A 900_226000532779   13    21
11/24/2015 10:35:43.19  00:00:01.20 A 900_226000532779    3     4
11/24/2015 10:35:44.99  00:00:01.02 A 900_226000532779   11     5
11/24/2015 10:35:46.31  00:00:02.23 A 900_226000532779   23     2
11/24/2015 10:35:59.72  00:00:01.52 A 900_226000532779   16   110
11/24/2015 10:36:02.15  00:00:00.81 A 900_226000532779    9     8
11/24/2015 10:36:06.98  00:00:00.41 A 900_226000532779    5    39
11/24/2015 10:36:10.01  00:00:00.40 A 900_226000532779    5    25
11/24/2015 10:45:05.28  00:00:00.40 A 900_226000720277    5  5316
11/24/2015 10:45:05.88  23:59:59.31 A 900_226000720277    4     1
11/24/2015 10:45:06.40  00:00:00.81 A 900_226000720277    9     1
11/24/2015 10:45:08.91  00:00:00.42 A 900_226000720277    5    16
11/24/2015 10:45:09.93  00:00:00.72 A 900_226000720277    8     5
11/24/2015 10:45:10.05  00:00:00.20 A 900_226000720277    3     3
11/24/2015 10:45:24.23  00:00:03.25 A 900_226000720277   33   128
11/24/2015 10:45:30.30  00:00:00.00 A 900_226000720277    1    27
11/24/2015 10:45:30.60  00:00:00.20 A 900_226000720277    3     2
11/24/2015 10:45:30.11  00:00:00.20 A 900_226000720277    3     2
11/24/2015 10:45:32.42  00:00:00.00 A 900_226000720277    1    10
11/24/2015 10:45:32.62  00:00:00.31 A 900_226000720277    4     1
11/24/2015 10:48:08.36  00:00:00.21 A 900_226000720277    3  1544
11/24/2015 10:48:10.09  00:00:00.91 A 900_226000720277   10    14
11/24/2015 11:02:13.83  00:00:00.52 A 900_226000083239    6  8377
11/24/2015 11:02:15.35  00:00:01.22 A 900_226000083239   13     9
11/24/2015 11:02:16.77  00:00:00.00 A 900_226000083239    1     1
11/24/2015 11:02:17.58  00:00:02.13 A 900_226000083239   22     7
11/24/2015 11:02:19.02  00:00:00.20 A 900_226000083239    3     2
11/24/2015 11:02:21.42  00:00:01.12 A 900_226000083239   12    11
11/24/2015 11:02:22.94  00:00:00.00 A 900_226000083239    1     3
11/24/2015 11:02:22.15  00:00:00.10 A 900_226000083239    2     1
11/24/2015 11:02:28.08  00:00:00.61 A 900_226000083239    7    47
11/24/2015 11:02:28.89  23:59:59.21 A 900_226000083239    3     1
11/24/2015 11:02:30.60  00:00:00.82 A 900_226000083239    9    14
11/24/2015 11:02:33.33  00:00:00.71 A 900_226000083239    8    18
11/24/2015 11:02:34.55  00:00:00.81 A 900_226000083239    9     4
11/24/2015 11:02:50.66  00:00:00.10 A 900_226000083239    2   151
11/24/2015 11:03:59.99  00:00:00.10 A 900_226000084415    2   687
11/24/2015 11:04:00.60  00:00:00.30 A 900_226000084415    4     4
11/24/2015 11:04:01.41  00:00:00.20 A 900_226000084415    3     4
11/24/2015 11:04:02.72  00:00:01.42 A 900_226000084415   15    10
11/24/2015 11:04:05.65  00:00:01.63 A 900_226000084415   17    14
11/24/2015 11:04:15.73  00:00:00.30 A 900_226000084415    4    83
11/24/2015 11:04:16.64  00:00:00.20 A 900_226000084415    3     5
11/24/2015 11:04:40.29  00:00:00.10 A 900_226000084415    2   232
11/24/2015 11:14:17.05  00:00:00.10 A 900_226000687519    2  5731
11/24/2015 11:14:19.56  00:00:02.34 A 900_226000687519   24    23
11/24/2015 11:14:25.03  00:00:01.31 A 900_226000687519   14    30
11/24/2015 11:14:26.54  00:00:01.73 A 900_226000687519   18     1
11/24/2015 11:14:28.47  00:00:00.41 A 900_226000687519    5     1
11/24/2015 11:14:30.09  00:00:00.20 A 900_226000687519    3    11
11/24/2015 11:14:30.49  00:00:01.02 A 900_226000687519   11     1
11/24/2015 11:14:40.06  00:00:00.60 A 900_226000687519    7    84
11/24/2015 11:14:40.17  00:00:00.10 A 900_226000687519    2     4
11/24/2015 11:20:44.17  00:00:02.12 A 900_226000681285   22  3606
11/24/2015 11:20:47.31  00:00:04.55 A 900_226000681285   46     9
11/24/2015 11:21:18.34  00:00:01.41 A 900_226000541248   15   262
11/24/2015 11:21:28.72  00:00:00.20 A 900_226000541248    3    88
11/24/2015 11:21:29.13  00:00:00.50 A 900_226000541248    6     1
11/24/2015 11:21:32.25  00:00:00.40 A 900_226000541248    5    25
11/24/2015 11:21:47.84  00:00:01.43 A 900_226000681285   15   150
11/24/2015 11:21:50.78  00:00:00.91 A 900_226000541248   10    14
11/24/2015 11:22:03.08  00:00:00.00 A 900_226000541248    1   112
11/24/2015 11:26:45.44  00:00:00.31 R 0000_0000000178692568    4  2806
11/24/2015 11:26:45.15  00:00:00.20 R 0000_0000000178692568    3     3
11/24/2015 11:27:12.91  00:00:00.11 A 900_226000569081    2   263
11/24/2015 11:27:15.43  00:00:00.00 A 900_226000569081    1    23
11/24/2015 11:27:15.64  00:00:00.10 A 900_226000569081    2     1
11/24/2015 11:27:17.05  00:00:00.40 A 900_226000569081    5    12
11/24/2015 11:27:18.76  00:00:01.52 A 900_226000569081   16    12
11/24/2015 11:27:20.48  00:00:00.82 A 900_226000569081    9     1
11/24/2015 11:27:21.01  00:00:01.71 A 900_226000569081    8     6
11/24/2015 11:27:26.34  00:00:00.00 A 900_226000569081    1    35
11/24/2015 11:27:26.74  00:00:00.00 A 900_226000569081    1     3
11/24/2015 11:27:28.26  00:00:01.11 A 900_226000569081   12    14
11/24/2015 11:27:29.77  00:00:00.00 A 900_226000569081    1     3
11/24/2015 11:27:31.60  00:00:00.00 A 900_226000569081    1    17
11/24/2015 11:27:32.30  00:00:00.10 A 900_226000569081    2     6
11/24/2015 11:27:33.32  00:00:00.00 A 900_226000569081    1     8
11/24/2015 11:27:33.72  00:00:00.00 A 900_226000569081    1     3
11/24/2015 11:27:33.03  00:00:01.71 A 900_226000569081    8     2
11/24/2015 11:27:34.94  00:00:00.50 A 900_226000569081    6     1
11/24/2015 11:27:35.64  00:00:00.10 A 900_226000569081    2     1
11/24/2015 11:27:49.25  00:00:01.42 A 900_226000569081   15   133
11/24/2015 11:28:15.13  00:00:00.11 A 900_226000536317    2   242
11/24/2015 11:28:15.54  00:00:00.00 A 900_226000536317    1     2
11/24/2015 11:28:17.85  00:00:00.00 A 900_226000536457    1    12
11/24/2015 11:28:17.26  00:00:00.00 A 900_226000536457    1     3
11/24/2015 11:28:18.76  00:00:00.42 A 900_226000536457   15     4
11/24/2015 11:28:19.58  00:00:00.92 A 900_226000536457   10     3
11/24/2015 11:28:20.11  00:00:02.31 A 900_226000536457   14     5
11/24/2015 11:28:22.62  00:00:00.00 A 900_226000536457    1     1
11/24/2015 11:28:22.92  00:00:00.00 A 900_226000536457    1     2
11/24/2015 11:28:23.84  00:00:01.82 A 900_226000536457   19     8
11/24/2015 11:28:44.33  00:00:00.21 A 900_226000536457    3   184
11/24/2015 11:28:47.16  00:00:00.30 A 900_226000688200    4    25
11/24/2015 11:28:48.38  00:00:00.10 A 900_226000688200    2     8
11/24/2015 11:28:50.19  00:00:00.61 A 900_226000688200    7    16
11/24/2015 11:28:58.56  00:00:00.00 A 900_226000536457    1    76
11/24/2015 11:30:50.52  00:00:00.40 A 900_226000688158    5  1112
11/24/2015 11:30:51.12  00:00:00.11 A 900_226000688158    2     1
11/24/2015 11:34:01.16  00:00:00.70 A 900_226000538873    8  1887
11/24/2015 11:34:01.17  00:00:00.21 A 900_226000538873    3     2
11/24/2015 11:34:03.78  00:00:01.64 A 900_226000538873   27     3
11/24/2015 11:34:06.43  00:00:00.91 A 900_226000538873   10     9
11/24/2015 11:34:16.70  00:00:00.10 A 900_226000538873    2    92
11/24/2015 11:34:16.01  00:00:02.61 A 900_226000538873    7     1
11/24/2015 11:34:31.61  00:00:00.00 A 900_226000538873    1   138
11/24/2015 11:34:31.91  00:00:00.71 A 900_226000538873    8     2
11/24/2015 11:42:57.17  00:00:00.70 R 0000_0000000178692568    8  5014
11/24/2015 11:45:49.22  00:00:00.10 A 900_226000539175    2  1702
11/24/2015 11:45:57.38  00:00:00.20 A 900_226000539175    3    79
11/24/2015 11:45:58.89  00:00:00.40 A 900_226000539175    5    12
11/24/2015 11:45:59.90  00:00:01.23 A 900_226000539175   13     5
11/24/2015 11:46:32.52  00:00:00.50 A 900_226000539175    6   311
11/24/2015 11:46:35.84  00:00:00.10 A 900_226000539175    2    27
11/24/2015 11:46:42.18  00:00:00.00 A 900_226000114247    1    61
11/24/2015 11:46:42.68  00:00:00.00 A 900_226000539175    1     4
11/24/2015 11:46:42.98  00:00:01.64 A 900_226000539175   17     2
11/24/2015 11:46:47.14  00:00:00.41 A 900_226000539175    5    24
11/24/2015 11:46:49.06  00:00:00.91 A 900_226000539175   10    14
11/24/2015 11:46:51.79  00:00:00.20 A 900_226000539175    3    17
11/24/2015 11:46:52.29  00:00:00.00 A 900_226000539175    1     2
11/24/2015 11:46:55.51  00:00:00.71 A 900_226000114247    8    31
11/24/2015 11:47:53.77  00:00:00.00 A 900_226000688694    1   571
11/24/2015 11:47:53.97  00:00:00.00 A 900_226000688694    1     1
11/24/2015 11:48:00.01  00:00:00.10 A 900_226000688694    2    59
11/24/2015 11:48:00.91  00:00:00.00 A 900_226000688694    1     7
11/24/2015 11:48:01.33  00:00:00.81 A 900_226000688694    9     3
11/24/2015 11:48:02.34  00:00:00.21 A 900_226000688694    3     1
11/24/2015 11:48:05.07  00:00:01.11 A 900_226000688694   12    24
11/24/2015 11:48:10.01  00:00:00.10 A 900_226000688694    2    37
11/24/2015 11:48:31.03  00:00:00.40 A 900_226000688694    5   207
11/24/2015 12:18:48.05 supply power ok 16.8V
11/24/2015 12:18:48.05 database file opened
11/24/2015 12:18:48.05 starting reader after power up
11/24/2015 12:19:33.30  00:00:00.20 R 0000_0000000178692567    3   395
11/24/2015 12:19:36.03  00:00:01.21 R 0000_0000000178692567   13    24
11/24/2015 12:19:39.66  00:00:01.21 R 0000_0000000178692567   13    23
11/24/2015 12:21:18.16  00:00:00.81 A 900_226000645536    9   966
11/24/2015 12:21:19.38  00:00:00.30 A 900_226000645536    4     3
11/24/2015 12:21:19.18  00:00:03.14 A 900_226000645536   22     4
11/24/2015 12:21:23.32  00:00:00.82 A 900_226000645536    9     9
11/24/2015 12:21:25.35  00:00:00.20 A 900_226000645536    3    11
11/24/2015 12:21:25.15  00:00:01.61 A 900_226000645536    7     5
11/24/2015 12:21:26.07  00:00:01.70 A 900_226000645536    8     2
11/24/2015 12:21:29.68  00:00:01.33 A 900_226000645536   14    18
11/24/2015 12:21:31.21  00:00:01.93 A 900_226000645536   20     1
11/24/2015 12:21:33.34  00:00:00.30 A 900_226000645536    4     1
11/24/2015 12:21:33.15  00:00:00.10 A 900_226000645536    2     4
11/24/2015 12:21:35.95  00:00:16.05 A 900_226000645536  159    16
11/24/2015 12:21:50.99 datalogger mode selected
11/24/2015 12:21:54.21  00:00:01.22 A 900_226000645536   13    21
11/24/2015 12:22:06.19  00:00:00.81 A 900_226000645536    9   106
11/24/2015 12:22:07.21  00:00:00.40 A 900_226000645536    5     1
11/24/2015 12:22:08.52  00:00:00.61 A 900_226000645536    7     8
11/24/2015 12:22:14.56  00:00:01.52 A 900_226000645536   16    53
11/24/2015 12:22:25.04  00:00:00.50 A 900_226000645536    6    88
11/24/2015 12:22:27.97  00:00:00.10 A 900_226000645536    2    23
11/24/2015 12:22:29.58  00:00:00.31 A 900_226000645536    4    14
11/24/2015 12:22:36.63  00:00:00.41 A 900_226000645536    5    66
11/24/2015 12:28:31.34  00:00:00.30 A 900_226000686219    4  3521
11/24/2015 12:28:32.44  00:00:06.29 A 900_226000686219   63     7
11/24/2015 12:29:35.98  00:00:00.21 A 900_226000087287    3   568
11/24/2015 12:29:37.30  00:00:01.93 A 900_226000087287   20    10
11/24/2015 12:30:09.10  00:00:02.85 A 900_226000087287   29   296
11/24/2015 12:30:57.52  00:00:00.20 A 900_226000087287    3   452
11/24/2015 12:30:58.92  00:00:00.12 A 900_226000087287    2    11
11/24/2015 12:39:58.83  00:00:00.00 A 900_226000084015    1  5365
11/24/2015 12:40:00.74  00:00:00.01 A 900_226000084015   11     8
11/24/2015 12:40:01.76  00:00:03.14 A 900_226000084015   32     9
11/24/2015 12:40:29.75  00:00:00.20 A 900_226000084015    3   246
11/24/2015 12:40:30.66  00:00:00.61 A 900_226000084015    7     6
11/24/2015 12:40:32.68  00:00:00.82 A 900_226000084015    9    13
11/24/2015 12:40:33.80  00:00:00.00 A 900_226000084015    1     2
11/24/2015 12:40:36.82  00:00:00.20 A 900_226000084015    3    29
11/24/2015 12:40:37.42  00:00:01.83 A 900_226000084015   19     3
11/24/2015 12:48:35.58  00:00:02.84 A 900_226000082530   29  4734
11/24/2015 12:48:39.72  00:00:00.52 A 900_226000082530    6    12
11/24/2015 12:48:42.56  00:00:00.00 A 900_226000082530    1    22
11/24/2015 12:48:42.76  00:00:00.00 A 900_226000082530    1     1
11/24/2015 12:48:43.46  00:00:00.00 A 900_226000082530    1     6
11/24/2015 12:48:46.67  00:00:01.02 A 900_226000082530   11    31
11/24/2015 12:48:47.89  23:59:59.22 A 900_226000082530    3     1
11/24/2015 12:48:49.21  00:00:02.03 A 900_226000082530   21    10
11/24/2015 12:49:05.03  00:00:00.20 A 900_226000082530    3   136
11/24/2015 12:49:06.54  00:00:00.60 A 900_226000082530    7    12
11/24/2015 12:49:08.95  00:00:00.82 A 900_226000082530    9    17
11/24/2015 12:49:09.97  00:00:00.00 A 900_226000082530    1     1
11/24/2015 12:49:11.38  00:00:00.30 A 900_226000082530    4    13
11/24/2015 12:49:11.09  00:00:01.40 A 900_226000082530    5     3
11/24/2015 13:00:46.40  00:00:00.20 A 900_226000532927    3  6897
11/24/2015 13:00:47.51  00:00:03.65 A 900_226000532927   37     8
11/24/2015 13:00:55.79  00:00:00.31 A 900_226000532927    4    45
11/24/2015 13:01:11.70  00:00:00.30 A 900_226000532927    4   154
11/24/2015 13:04:40.29  00:00:00.10 A 900_226000532408    2  2069
11/24/2015 13:04:45.72  00:00:02.33 A 900_226000532408   24    52
11/24/2015 13:04:48.86  00:00:01.72 A 900_226000532408   18     7
11/24/2015 13:17:51.24  00:00:00.00 A 900_226000083075    1  7759
11/24/2015 13:17:51.94  00:00:01.84 A 900_226000083075   19     6
11/24/2015 13:17:55.49  00:00:00.30 A 900_226000083075    4    16
11/24/2015 13:17:55.51  00:00:00.00 A 900_226000083075    1     6
11/24/2015 13:17:57.71  00:00:00.21 A 900_226000083075   13     1
11/24/2015 13:18:00.94  00:00:01.43 A 900_226000083075   15    29
11/24/2015 13:18:21.93  00:00:00.70 A 900_226000083075    8   193
11/24/2015 13:19:32.16  00:00:00.00 A 900_226000121829    1   690
11/24/2015 13:21:54.41  00:00:01.73 A 900_226000081019   18  1413
11/24/2015 13:21:56.34  00:00:00.00 A 900_226000081019    1     1
11/24/2015 13:21:56.34  00:00:04.55 A 900_226000081019   36     9
11/24/2015 13:22:15.58  00:00:00.10 A 900_226000081019    2   145
11/24/2015 13:22:16.59  00:00:01.02 A 900_226000081019   11     8
11/24/2015 13:23:34.17  00:00:12.68 A 900_226000690922  126   760
11/24/2015 13:24:34.24  00:00:00.70 R 0000_0000000178692568    8   470
11/24/2015 13:25:17.70  00:00:00.00 R 0000_0000000178692568    1   424
11/24/2015 13:25:17.90  00:00:00.52 R 0000_0000000178692568    6     1
11/24/2015 13:25:33.91  00:00:03.34 A 900_226000690922   34   153
11/24/2015 13:25:38.27  00:00:04.97 A 900_226000690922   50     9
11/24/2015 13:28:32.25  00:00:00.00 A 900_226000112050    1  1679
11/24/2015 13:28:32.45  00:00:00.10 A 900_226000112050    2     1
11/24/2015 13:28:32.46  00:00:00.00 A 900_226000112050    1     8
11/24/2015 13:28:34.76  00:00:16.04 A 900_226000112050  169     2
11/24/2015 13:28:52.02  00:00:01.52 A 900_226000112050   16    11
11/24/2015 13:29:02.70  00:00:00.20 A 900_226000112050    3    90
11/24/2015 13:29:21.11  00:00:00.20 A 900_226000686998    3   180
11/24/2015 13:29:22.22  00:00:04.87 A 900_226000686998   49     8
11/24/2015 13:29:46.01  00:00:00.60 A 900_226000686998    7   187
11/24/2015 13:31:42.02  00:00:00.10 A 900_226000531963    2  1146
11/24/2015 13:34:08.89  00:00:00.00 A 900_226000690775    1  1458
11/24/2015 13:34:10.11  00:00:00.00 A 900_226000690775    1    11
11/24/2015 13:34:10.31  00:00:00.30 A 900_226000690775    4     1
11/24/2015 13:34:10.81  00:00:00.00 A 900_226000690775    1     1
11/24/2015 13:34:10.02  00:00:00.21 A 900_226000690775    3     1
11/24/2015 13:34:11.53  00:00:00.30 A 900_226000690775    4     2
11/24/2015 13:34:11.04  00:00:02.71 A 900_226000690775    8     1
11/24/2015 13:34:13.95  00:00:00.00 A 900_226000690775    1     1
11/24/2015 13:34:13.46  00:00:00.00 A 900_226000690775    1     4
11/24/2015 13:34:13.66  00:00:00.00 A 900_226000690775    1     1
11/24/2015 13:34:15.97  00:00:00.00 A 900_226000690775    1    12
11/24/2015 13:34:16.79  00:00:00.10 A 900_226000690775    2     7
11/24/2015 13:34:16.10  00:00:00.10 A 900_226000690775    2     1
11/24/2015 13:34:16.40  00:00:00.00 A 900_226000690775    1     1
11/24/2015 13:34:16.20  00:00:00.21 A 900_226000690775    3     7
11/24/2015 13:34:18.91  23:59:59.11 A 900_226000690775    2     4
11/24/2015 13:34:18.53  00:00:00.00 A 900_226000690775    1     4
11/24/2015 13:34:19.93  23:59:59.21 A 900_226000690775    3     3
11/24/2015 13:34:19.34  00:00:00.31 A 900_226000690775    4     1
11/24/2015 13:34:20.55  23:59:59.72 A 900_226000690775    8     8
11/24/2015 13:34:21.47  00:00:01.52 A 900_226000690775   16     1
11/24/2015 13:34:23.29  00:00:00.00 A 900_226000690775    1     2
11/24/2015 13:34:23.60  00:00:01.43 A 900_226000690775   15     2
11/24/2015 13:34:25.23  00:00:00.00 A 900_226000690775    1     1
11/24/2015 13:34:25.53  00:00:02.43 A 900_226000690775   25     2
11/24/2015 13:34:28.47  00:00:00.21 A 900_226000690775    3     4
11/24/2015 13:34:29.98  00:00:00.00 A 900_226000690775    1    12
11/24/2015 13:34:30.29  00:00:00.00 A 900_226000690775    1     2
11/24/2015 13:34:30.49  00:00:00.00 A 900_226000690775    1     1
11/24/2015 13:39:26.09  00:00:05.37 A 900_226000121658   54  2937
11/24/2015 13:39:31.07  00:00:01.51 A 900_226000121658    6     5
11/24/2015 13:39:33.29  00:00:01.11 A 900_226000121658   12     6
11/24/2015 13:39:34.60  00:00:00.30 A 900_226000121658    4     1
11/24/2015 13:39:36.83  00:00:00.10 A 900_226000121658    2    18
11/24/2015 13:39:37.13  00:00:00.10 A 900_226000121658    2     1
11/24/2015 13:39:37.43  00:00:00.10 A 900_226000121658    2     1
11/24/2015 13:40:02.16  00:00:01.62 A 900_226000121658   17   243
11/24/2015 13:44:16.62  00:00:00.61 A 900_226000686006    7  2512
11/24/2015 13:44:17.43  00:00:01.02 A 900_226000686006   11     1
11/24/2015 13:44:19.56  00:00:03.24 A 900_226000686006   33    10
11/24/2015 13:45:10.80  00:00:01.12 A 900_226000686006   12   476
11/24/2015 13:49:21.83  00:00:00.00 A 900_226000569023    1  2483
11/24/2015 13:49:21.04  00:00:00.20 A 900_226000569023    3     1
11/24/2015 13:49:23.84  23:59:59.31 A 900_226000569023    4     5
11/24/2015 13:49:24.05  00:00:04.06 A 900_226000569023   41     8
11/24/2015 13:49:30.04  00:00:04.56 A 900_226000569023   46    18
11/24/2015 13:49:35.81  00:00:01.32 A 900_226000569023   14    11
11/24/2015 13:49:38.14  00:00:00.20 A 900_226000569023    3     9
11/24/2015 13:49:43.57  00:00:00.62 A 900_226000569023    7    51
11/24/2015 13:49:44.59  00:00:01.92 A 900_226000569023   20     3
11/24/2015 13:49:50.46  00:00:00.40 A 900_226000569023    5    38
11/24/2015 13:54:51.79  00:00:00.41 R 0000_0000000178692568    5  2990
11/24/2015 13:59:49.43  00:00:00.00 A 900_226000087267    1  2953
11/24/2015 14:03:48.48  00:00:02.23 A 900_226000588515   23  2375
11/24/2015 14:04:11.83  00:00:00.31 A 900_226000101419    4   209
11/24/2015 14:04:12.75  00:00:05.48 A 900_226000101419   55     5
11/24/2015 14:04:31.58  00:00:01.11 A 900_226000101419   12   131
11/24/2015 14:08:10.19  00:00:02.54 A 900_226000115926   26  2161
11/24/2015 14:08:13.63  00:00:06.71 A 900_226000115926   67     8
11/24/2015 14:19:05.53  00:00:00.20 A 900_226000647374    3  6412
11/24/2015 14:19:06.54  00:00:06.80 A 900_226000647374   68     7
11/24/2015 14:19:14.25  00:00:01.41 A 900_226000647374   15     8
11/24/2015 14:19:19.29  00:00:00.00 A 900_226000647374    1    35
11/24/2015 14:19:20.50  00:00:01.21 A 900_226000647374   13    11
11/24/2015 14:21:47.87  00:00:00.00 A 900_226000588570    1  1452
11/24/2015 14:21:47.07  00:00:00.00 A 900_226000588570    1     1
11/24/2015 14:21:49.87  00:00:00.00 A 900_226000588570    1     7
11/24/2015 14:21:49.69  00:00:00.20 A 900_226000588570    3     7
11/24/2015 14:21:50.50  00:00:02.54 A 900_226000588570   26     5
11/24/2015 14:21:53.65  00:00:00.00 A 900_226000588570    1     5
11/24/2015 14:21:53.85  00:00:00.00 A 900_226000588570    1     1
11/24/2015 14:21:53.05  00:00:01.40 A 900_226000588570    5     1
11/24/2015 14:23:10.59  00:00:00.10 A 900_226000647964    2   756
11/24/2015 14:23:11.49  00:00:02.85 A 900_226000647964   29     7
11/24/2015 14:23:31.23  00:00:00.71 A 900_226000647964    8   167
11/24/2015 14:23:47.73  00:00:00.00 A 900_226000647964    1   156
11/24/2015 14:23:49.74  00:00:00.62 A 900_226000647964    7    19
11/24/2015 14:23:52.97  00:00:00.71 A 900_226000647964    8    25
11/24/2015 14:24:26.07  00:00:00.20 A 900_226000647964    3   321
11/24/2015 14:24:26.67  00:00:06.70 A 900_226000647964   67     3
11/24/2015 14:27:43.81  00:00:00.51 R 0000_0000000178692567    6  1892
11/24/2015 14:27:44.82  00:00:00.30 R 0000_0000000178692567    4     4
11/24/2015 14:27:45.42  00:00:01.64 R 0000_0000000178692567   17     2
11/25/2015 08:54:25.23 supply power ok 18.1V
11/25/2015 08:54:25.23 database file opened
11/25/2015 08:54:25.23 starting reader after power up
11/25/2015 08:54:44.11 datalogger mode selected
11/25/2015 08:55:10.80  00:00:01.02 R 0000_0000000178692567   11   398
11/25/2015 08:55:13.13  00:00:02.03 R 0000_0000000178692567   21    12
11/25/2015 09:08:59.31 supply power ok 18.1V
11/25/2015 09:08:59.32 database file opened
11/25/2015 09:08:59.32 starting reader after power up
11/25/2015 09:09:16.69  00:00:00.71 R 0000_0000000178692568    8   119
11/25/2015 09:09:18.41  00:00:00.72 R 0000_0000000178692567    8     9
11/25/2015 09:14:51.45  00:00:00.20 A 900_226000104911    3  3301
11/25/2015 09:14:52.45  00:00:00.20 A 900_226000104911    3     7
11/25/2015 09:14:53.47  00:00:01.52 A 900_226000104911   16     7
11/25/2015 09:15:25.89  00:00:00.70 A 900_226000104911    8   306
11/25/2015 09:15:30.44  00:00:00.40 A 900_226000104911    5    37
11/25/2015 09:15:40.51  00:00:00.30 A 900_226000104911    4    95
11/25/2015 09:17:28.06  00:00:00.20 A 900_226000104911    3  1065
11/25/2015 09:17:28.76  00:00:00.10 A 900_226000104911    2     4
11/25/2015 09:17:28.07  00:00:00.20 A 900_226000104911    3     1
11/25/2015 09:17:30.58  00:00:00.11 A 900_226000104911    2    12
11/25/2015 09:17:30.89  00:00:00.00 A 900_226000104911    1     1
11/25/2015 09:22:20.71  00:00:00.31 A 900_226000114112    4  2880
11/25/2015 09:22:21.23  00:00:04.46 A 900_226000114112   45     1
11/25/2015 09:22:25.09  00:00:01.61 A 900_226000114112    7     3
11/25/2015 09:22:41.91  00:00:00.10 A 900_226000114112    2   150
11/25/2015 09:22:42.51  00:00:00.00 A 900_226000114112    1     4
11/25/2015 09:29:00.61  00:00:00.41 A 900_226000684360    5  3757
11/25/2015 09:29:02.22  00:00:00.92 A 900_226000684360   10    11
11/25/2015 09:29:04.65  00:00:01.21 A 900_226000684360   13    14
11/25/2015 09:29:13.92  00:00:01.12 A 900_226000684360   12    79
11/25/2015 09:29:25.10  00:00:01.12 A 900_226000684360   12    99
11/25/2015 09:32:19.48  00:00:00.62 A 900_226000104398    7  1721
11/25/2015 09:32:20.60  00:00:01.11 A 900_226000104398   12     4
11/25/2015 09:32:21.12  00:00:01.40 A 900_226000104398    5     3
11/25/2015 09:32:22.14  00:00:00.00 A 900_226000104398    1     5
11/25/2015 09:32:46.08  00:00:00.81 A 900_226000104398    9   227
11/25/2015 09:44:30.22  00:00:00.92 R 0000_0000000178692567   10  6990
11/25/2015 09:46:19.42  00:00:00.00 A 900_226000685599    1  1075
11/25/2015 09:46:19.62  00:00:00.20 A 900_226000685599    3     1
11/25/2015 09:46:20.63  00:00:03.56 A 900_226000685599   36     7
11/25/2015 09:46:28.32  00:00:00.72 A 900_226000685599    8    40
11/25/2015 09:46:29.24  00:00:01.01 A 900_226000685599   11     1
11/25/2015 09:46:53.90  00:00:01.33 A 900_226000685599   14   234
11/25/2015 09:47:58.13  00:00:00.00 A 900_226000682652    1   624
11/25/2015 09:47:58.33  00:00:00.92 A 900_226000682652   10     1
11/25/2015 09:47:59.55  00:00:00.10 A 900_226000682652    2     2
11/25/2015 09:47:59.95  23:59:59.42 A 900_226000682652    5     2
11/25/2015 09:48:01.57  00:00:00.92 A 900_226000682652   20     1
11/25/2015 09:48:03.30  00:00:00.10 A 900_226000682652    2     7
11/25/2015 09:48:03.61  00:00:00.71 A 900_226000682652    8     1
11/25/2015 09:48:04.52  00:00:00.00 A 900_226000682652    1     1
11/25/2015 09:48:07.34  00:00:00.71 A 900_226000682652    8    27
11/25/2015 09:48:09.56  00:00:00.40 A 900_226000682652    5    14
11/25/2015 09:48:10.17  00:00:01.11 A 900_226000682652   12     1
11/25/2015 09:48:24.57  00:00:00.81 A 900_226000682652    9   131
11/25/2015 09:48:58.29  00:00:04.57 A 900_226000104448   46   326
11/25/2015 09:50:16.83  00:00:00.10 A 900_226000533942    2   734
11/25/2015 09:50:17.24  00:00:00.31 A 900_226000085445    4     2
11/25/2015 09:50:17.75  00:00:00.20 A 900_226000085445    3     1
11/25/2015 09:50:17.16  00:00:01.10 A 900_226000533942    2     1
11/25/2015 09:50:18.56  23:59:59.51 A 900_226000533942    6     2
11/25/2015 09:50:20.18  00:00:00.31 A 900_226000533942    4    10
11/25/2015 09:50:21.30  00:00:00.30 A 900_226000533942    4     7
11/25/2015 09:50:33.67  00:00:00.30 A 900_226000533942    4   119
11/25/2015 09:50:34.18  00:00:00.00 A 900_226000533942    1     1
11/25/2015 09:50:34.58  00:00:00.20 A 900_226000085445    3     3
11/25/2015 09:50:37.30  00:00:00.20 A 900_226000533942    3    24
11/25/2015 09:50:38.41  00:00:00.31 A 900_226000085445    4     8
11/25/2015 09:52:24.26  00:00:00.21 A 900_226000081510    3  1048
11/25/2015 09:52:26.08  00:00:02.64 A 900_226000081510   27    15
11/25/2015 09:54:45.69  00:00:00.10 A 900_226000081510    2  1360
11/25/2015 09:54:45.99  00:00:01.91 A 900_226000081510   10     1
11/25/2015 09:55:05.22  00:00:00.10 A 900_226000083982    2   181
11/25/2015 09:55:07.64  00:00:02.54 A 900_226000083982   26    22
11/25/2015 09:55:41.68  00:00:00.10 A 900_226000083982    2   312
11/25/2015 09:56:11.68  00:00:00.52 A 900_226000690612    6   296
11/25/2015 09:56:12.70  00:00:02.54 A 900_226000690612   26     4
11/25/2015 09:56:49.76  00:00:04.86 A 900_226000532950   49   342
11/25/2015 09:56:54.04  00:00:04.34 A 900_226000532950   34     3
11/25/2015 09:56:58.98  00:00:01.12 A 900_226000532950   12     5
11/25/2015 09:57:04.76  00:00:02.03 A 900_226000532950   21    45
11/25/2015 09:57:15.48  00:00:00.00 A 900_226000532950    1    85
11/25/2015 09:57:30.38  00:00:04.96 A 900_226000686051   50   147
11/25/2015 09:57:38.57  00:00:00.91 A 900_226000686051   10    31
11/25/2015 09:57:54.28  00:00:00.51 A 900_226000101759    6   146
11/25/2015 09:57:56.00  00:00:03.36 A 900_226000101759   34    11
11/25/2015 09:58:02.68  00:00:00.70 A 900_226000101759    8    32
11/25/2015 09:58:05.60  00:00:00.61 A 900_226000101759    7    21
11/25/2015 09:58:06.41  00:00:00.50 A 900_226000101759    6     1
11/25/2015 09:58:11.26  00:00:00.70 A 900_226000101759    8    42
11/25/2015 09:58:12.47  00:00:00.10 A 900_226000101759    2     4
11/25/2015 09:58:12.77  00:00:00.10 A 900_226000101759    2     1
11/25/2015 09:58:14.29  00:00:01.93 A 900_226000101759   20    13
11/25/2015 09:58:16.72  00:00:00.10 A 900_226000101759    2     4
11/25/2015 09:58:16.23  00:00:02.21 A 900_226000101759   13     3
11/25/2015 09:58:39.88  00:00:00.50 A 900_226000689218    6   212
11/25/2015 09:58:41.50  00:00:02.02 A 900_226000689218   21    10
11/25/2015 09:59:00.44  00:00:00.61 A 900_226000645244    7   167
11/25/2015 09:59:01.76  00:00:03.04 A 900_226000645244   31     6
11/25/2015 09:59:20.41  00:00:00.70 A 900_226000645244    8   154
11/25/2015 09:59:23.94  00:00:02.13 A 900_226000689218   22    27
11/25/2015 10:00:46.97  00:00:00.41 A 900_226000685405    5   803
11/25/2015 10:00:47.59  00:00:00.20 A 900_226000685405    3     1
11/25/2015 10:00:47.99  00:00:03.85 A 900_226000685405   39     1
11/25/2015 10:01:07.95  00:00:03.05 A 900_226000685405   31   159
11/25/2015 10:01:11.30  00:00:00.30 A 900_226000685405    4     2
11/25/2015 10:01:44.54  00:00:05.38 A 900_226000104161   54   326
11/25/2015 10:01:56.98  00:00:00.72 A 900_226000104161    8    69
11/25/2015 10:02:10.20  00:00:00.00 A 900_226000539877    1   123
11/25/2015 10:02:10.60  00:00:00.81 A 900_226000539877    9     3
11/25/2015 10:02:34.47  00:00:03.66 A 900_226000684828   37   228
11/25/2015 10:03:53.69  00:00:03.96 A 900_226000096440   40   750
11/25/2015 10:04:19.12  00:00:03.86 A 900_226000096440   39   212
11/25/2015 10:05:48.31  00:00:00.30 A 900_226000540026    4   847
11/25/2015 10:05:48.22  00:00:05.56 A 900_226000540026   46     5
11/25/2015 10:06:21.18  00:00:00.10 A 900_226000540026    2   271
11/25/2015 10:06:21.48  00:00:00.30 A 900_226000540026    4     1
11/25/2015 10:06:56.23 reader name changed
11/25/2015 10:07:05.66  00:00:00.41 A 900_226000587422    5   435
11/25/2015 10:07:07.58  00:00:01.21 A 900_226000587422   13    14
11/25/2015 10:07:57.30  00:00:00.10 A 900_226000539536    2   481
11/25/2015 10:07:58.40  00:00:03.25 A 900_226000539536   33     9
11/25/2015 10:08:20.17  00:00:00.10 A 900_226000588712    2   183
11/25/2015 10:08:20.67  00:00:00.20 A 900_226000588712    3     3
11/25/2015 10:08:20.08  00:00:02.81 A 900_226000588712    9     1
11/25/2015 10:08:22.19  00:00:00.00 A 900_226000588712    1     2
11/25/2015 10:08:23.79  00:00:00.64 A 900_226000588712   17     5
11/25/2015 10:08:24.63  00:00:00.91 A 900_226000588712   10     1
11/25/2015 10:08:25.75  23:59:59.50 A 900_226000588712    6     1
11/25/2015 10:08:32.49  00:00:00.61 A 900_226000588712    7    61
11/25/2015 10:10:12.03  00:00:00.41 A 900_226000539536    5   982
11/25/2015 10:10:30.26  00:00:00.10 A 900_226000588712    2   176
11/25/2015 10:10:30.56  00:00:00.10 A 900_226000588712    2     1
11/25/2015 10:10:31.17  00:00:00.10 A 900_226000588712    2     4
11/25/2015 10:10:31.47  00:00:03.66 A 900_226000588712   37     1
11/25/2015 10:10:38.85  00:00:00.51 A 900_226000588712    6    36
11/25/2015 10:14:18.79  00:00:00.00 A 900_226000119612    1  2180
11/25/2015 10:14:18.00  00:00:02.61 A 900_226000119612    7     1
11/25/2015 10:14:20.81  00:00:00.62 A 900_226000119612   17     1
11/25/2015 10:14:43.26  00:00:00.91 A 900_226000119612   10   215
11/25/2015 10:15:30.25  00:00:00.10 A 900_226000083959    2   457
11/25/2015 10:15:31.76  00:00:02.13 A 900_226000083959   22    13
11/25/2015 10:15:53.12  00:00:00.10 A 900_226000084826    2   190
11/25/2015 10:15:55.34  00:00:00.72 A 900_226000084826    8    20
11/25/2015 10:15:56.36  00:00:00.30 A 900_226000084826    4     2
11/25/2015 10:15:57.46  00:00:00.10 A 900_226000084826    2     7
11/25/2015 10:16:27.82  00:00:00.10 A 900_226000084826    2   298
11/25/2015 10:16:32.67  00:00:00.21 A 900_226000084826    3    46
11/25/2015 10:16:34.89  23:59:59.21 A 900_226000084826    3     9
11/25/2015 10:16:49.81  00:00:00.60 R 0000_0000000178692567    7   155
11/25/2015 10:18:01.36  00:00:00.00 A 900_226000647858    1   704
11/25/2015 10:18:05.69  00:00:00.10 A 900_226000647858    2    42
11/25/2015 10:18:05.20  00:00:00.30 A 900_226000647858    4     3
11/25/2015 10:18:07.21  00:00:02.13 A 900_226000647858   22     6
11/25/2015 10:18:18.49  00:00:00.31 A 900_226000647858    4    90
11/25/2015 10:18:18.31  00:00:00.00 A 900_226000647858    1     4
11/25/2015 10:25:25.30  00:00:00.30 A 900_226000686067    4  4233
11/25/2015 10:25:32.35  00:00:03.66 A 900_226000686067   37    66
11/25/2015 10:25:36.21  00:00:00.71 A 900_226000686067    8     1
11/25/2015 10:26:04.79  00:00:02.12 A 900_226000686067   22   276
11/25/2015 10:26:11.96  00:00:06.40 A 900_226000686067   64    49
11/25/2015 10:27:11.98  00:00:00.00 A 900_226000104526    1   532
11/25/2015 10:27:15.01  00:00:00.30 A 900_226000104526    4    29
11/25/2015 10:27:20.64  00:00:01.62 A 900_226000104526   17    52
11/25/2015 10:27:40.78  00:00:00.10 A 900_226000104526    2   183
11/25/2015 10:27:40.38  00:00:00.00 A 900_226000104526    1     4
11/25/2015 10:27:44.00  00:00:00.30 A 900_226000117490    4    25
11/25/2015 10:27:45.21  00:00:02.63 A 900_226000117490   27     8
11/25/2015 10:27:49.37  00:00:00.20 A 900_226000117490    3    14
11/25/2015 10:28:07.78  00:00:00.00 A 900_226000117490    1   180
11/25/2015 10:35:14.41  00:00:00.10 A 900_226000101835    2  4239
11/25/2015 10:35:17.33  00:00:00.20 A 900_226000101835    3    27
11/25/2015 10:35:17.73  00:00:01.52 A 900_226000101835   16     1
11/25/2015 10:37:52.67  00:00:00.30 A 900_226000685351    4  1524
11/25/2015 10:37:53.29  00:00:01.00 A 900_226000685351   11     2
11/25/2015 10:41:03.07  00:00:00.51 A 900_226000082413    6  1875
11/25/2015 10:41:04.68  00:00:01.73 A 900_226000082413   18    10
11/25/2015 10:41:29.28  00:00:00.30 A 900_226000082413    4   226
11/25/2015 10:41:55.95  00:00:00.31 A 900_226000082413    4   261
11/25/2015 10:47:03.21  00:00:00.40 A 900_226000588197    5  3050
11/25/2015 10:47:05.62  00:00:00.62 A 900_226000588197    7    19
11/25/2015 10:47:09.57  00:00:01.32 A 900_226000588197   14    32
11/25/2015 10:47:18.13  00:00:00.92 A 900_226000588197   10    71
11/25/2015 10:52:19.79  00:00:03.45 A 900_226000567548   35  2988
11/25/2015 10:52:35.12  00:00:00.91 A 900_226000567548   10   117
11/25/2015 10:54:40.63  00:00:00.61 A 900_226000084449    7  1237
11/25/2015 10:54:41.44  00:00:02.95 A 900_226000084449   30     1
11/25/2015 10:54:44.59  00:00:00.40 A 900_226000084449    5     1
11/25/2015 10:59:26.61  00:00:00.00 R 0000_0000000178692567    1  2798
11/25/2015 10:59:26.81  00:00:00.52 R 0000_0000000178692567    6     1
11/25/2015 11:13:25.35 supply power ok 16.7V
11/25/2015 11:13:25.36 database file opened
11/25/2015 11:13:25.36 starting reader after power up
11/25/2015 11:13:40.56 datalogger mode selected
11/25/2015 11:15:15.39  00:00:00.71 R 0000_0000000178692567    8  1039
11/25/2015 11:15:16.30  00:00:00.10 R 0000_0000000178692567    2     1
11/25/2015 11:18:18.54  00:00:00.71 A 900_226000114282    8  1809
11/25/2015 11:18:20.95  00:00:00.31 A 900_226000114282    4    16
11/25/2015 11:18:21.77  00:00:00.31 A 900_226000114282    4     4
11/25/2015 11:18:22.88  00:00:00.20 A 900_226000114282    3     7
11/25/2015 11:18:23.28  00:00:00.00 A 900_226000114282    1     1
11/25/2015 11:19:01.32  00:00:00.20 A 900_226000114282    3   377
11/25/2015 11:19:02.63  00:00:00.42 A 900_226000114282    5    10
11/25/2015 11:19:03.25  00:00:00.00 A 900_226000114282    1     1
11/25/2015 11:21:32.68  00:00:00.10 A 900_226000087273    2  1484
11/25/2015 11:21:34.79  00:00:00.10 A 900_226000087273    2    19
11/25/2015 11:22:39.59  00:00:02.23 A 900_226000588092   23   642
11/25/2015 11:22:47.57  00:00:00.80 A 900_226000588092    9    56
11/25/2015 11:23:25.80  00:00:00.41 A 900_226000121880    5   371
11/25/2015 11:23:28.12  00:00:01.53 A 900_226000121880   16    18
11/25/2015 11:23:30.46  00:00:00.30 A 900_226000121880    4     7
11/25/2015 11:23:38.81  00:00:00.41 A 900_226000121880    5    79
11/25/2015 11:23:39.92  00:00:00.52 A 900_226000121880    6     6
11/25/2015 11:23:46.88  00:00:00.30 A 900_226000121880    4    63
11/25/2015 11:23:58.75  00:00:00.00 A 900_226000121880    1   114
11/25/2015 11:25:56.35  00:00:00.31 A 900_226000538878    4  1168
11/25/2015 11:25:56.96  00:00:01.22 A 900_226000538878   13     2
11/25/2015 11:25:58.38  00:00:03.96 A 900_226000538878   40     1
11/25/2015 11:26:02.54  00:00:02.43 A 900_226000538878   25     1
11/25/2015 11:26:36.17  00:00:01.11 A 900_226000117244   12   309
11/25/2015 11:27:17.22  00:00:00.71 A 900_226000101748    8   396
11/25/2015 11:27:18.23  00:00:00.92 A 900_226000101748   10     2
11/25/2015 11:30:18.93  00:00:02.44 A 900_226000588923   25  1786
11/25/2015 11:30:22.37  00:00:00.40 A 900_226000588923    5     9
11/25/2015 11:30:22.39  00:00:02.50 A 900_226000588923    6     5
11/25/2015 11:31:22.94  00:00:00.52 A 900_226000647436    6   586
11/25/2015 11:31:29.30  00:00:03.45 A 900_226000647436   35    57
11/25/2015 11:31:46.43  00:00:00.82 A 900_226000647436    9   135
11/25/2015 11:31:47.45  00:00:00.40 A 900_226000647436    5     1
11/25/2015 11:34:57.34  00:00:00.10 A 900_226000101925    2  1882
11/25/2015 11:34:59.06  00:00:01.62 A 900_226000101925   17    15
11/25/2015 11:35:00.98  00:00:00.00 A 900_226000101925    1     2
11/25/2015 11:39:13.83  00:00:07.61 A 900_226000687542   76  2512
11/25/2015 11:39:58.36  00:00:00.30 A 900_226000687542    4   366
11/25/2015 11:39:59.77  00:00:00.20 A 900_226000687542    3    10
11/25/2015 11:40:09.24  00:00:00.90 A 900_226000687542   10    91
11/25/2015 11:40:15.29  00:00:00.30 A 900_226000687542    4    50
11/25/2015 11:40:15.89  00:00:00.00 A 900_226000687542    1     2
11/25/2015 11:42:13.41  00:00:00.10 A 900_226000645641    2  1167
11/25/2015 11:42:13.81  00:00:00.00 A 900_226000645641    1     2
11/25/2015 11:42:13.01  00:00:00.10 A 900_226000645641    2     1
11/25/2015 11:42:17.15  00:00:00.90 A 900_226000645641   10    29
11/25/2015 11:43:00.92  00:00:00.20 A 900_226000684258    3   425
11/25/2015 11:43:01.32  00:00:06.19 A 900_226000719996   62     1
11/25/2015 11:43:16.01  00:00:00.91 A 900_226000719996   10    83
11/25/2015 11:43:17.52  00:00:00.00 A 900_226000684258    1     5
11/25/2015 11:43:17.72  00:00:00.00 A 900_226000684258    1     1
11/25/2015 11:43:20.14  00:00:00.11 A 900_226000540674    2    23
11/25/2015 11:43:22.47  00:00:02.02 A 900_226000540674   21    21
11/25/2015 11:43:45.63  00:00:00.71 A 900_226000540674    8   209
11/25/2015 11:49:12.66  00:00:00.62 A 900_226000682648    7  3242
11/25/2015 11:49:13.58  00:00:00.60 A 900_226000682648    7     2
11/25/2015 11:49:14.78  00:00:02.24 A 900_226000682648   23     5
11/25/2015 11:49:31.41  00:00:01.83 A 900_226000682648   19   142
11/25/2015 11:49:37.77  00:00:02.74 A 900_226000682648   28    44
11/25/2015 11:49:45.34  00:00:00.10 A 900_226000096623    2    47
11/25/2015 11:49:47.86  00:00:00.00 A 900_226000096623    1    23
11/25/2015 11:49:51.10  00:00:01.51 A 900_226000096623   16    31
11/25/2015 11:50:03.62  00:00:00.10 A 900_226000096623    2   108
11/25/2015 11:50:03.12  00:00:01.81 A 900_226000096623    9     3
11/25/2015 11:50:06.25  00:00:03.04 A 900_226000096623   31    12
11/25/2015 11:50:13.13  00:00:00.71 A 900_226000096623    8    37
11/25/2015 11:50:37.10  00:00:00.00 A 900_226000096623    1   230
11/25/2015 11:50:48.56  00:00:00.00 A 900_226000682648    1   113
11/25/2015 11:50:49.57  00:00:00.00 A 900_226000682648    1     9
11/25/2015 11:54:09.50  00:00:00.40 A 900_226000647285    5  1986
11/25/2015 11:54:10.80  00:00:00.31 A 900_226000647285    4     8
11/25/2015 11:54:12.02  00:00:01.32 A 900_226000647285   14     8
11/25/2015 12:33:18.95 supply power ok 16.4V
11/25/2015 12:33:18.95 database file opened
11/25/2015 12:33:18.95 starting reader after power up
11/25/2015 12:33:25.11 datalogger mode selected
11/25/2015 12:34:34.96  00:00:00.51 R 0000_0000000178692567    6   701
11/25/2015 12:34:47.25  00:00:00.61 A 900_226000647285    7   116
11/25/2015 12:34:49.96  23:59:59.11 A 900_226000647285    2    10
11/25/2015 12:34:49.77  00:00:04.37 A 900_226000647285   44     6
11/25/2015 12:40:13.72  00:00:00.20 A 900_226000647496    3  3175
11/25/2015 12:40:14.53  00:00:02.84 A 900_226000647496   29     5
11/25/2015 12:40:21.20  00:00:01.12 A 900_226000647496   12    37
11/25/2015 12:40:30.26  00:00:01.02 A 900_226000647496   11    78
11/25/2015 12:40:38.43  00:00:00.41 A 900_226000647496    5    70
11/25/2015 12:40:38.14  00:00:02.22 A 900_226000647496   13     2
11/25/2015 12:40:41.97  00:00:00.61 A 900_226000647496    7    15
11/25/2015 12:43:41.16  00:00:00.20 A 900_226000121848    3  1774
11/25/2015 12:43:42.07  00:00:02.63 A 900_226000121848   27     6
11/25/2015 12:45:22.39  00:00:00.00 A 900_226000533867    1   970
11/25/2015 12:45:23.69  00:00:00.20 A 900_226000533867    3    12
11/25/2015 12:45:25.72  00:00:00.20 A 900_226000533867    3    17
11/25/2015 12:45:26.12  00:00:01.12 A 900_226000533867   12     1
11/25/2015 12:45:27.64  00:00:00.72 A 900_226000533867    8     3
11/25/2015 12:45:38.22  00:00:00.00 A 900_226000533867    1    97
11/25/2015 12:45:38.43  00:00:00.00 A 900_226000533867    1     1
11/25/2015 12:45:50.31  00:00:00.10 A 900_226000569602    2   117
11/25/2015 12:45:51.51  00:00:00.20 A 900_226000569602    3    10
11/25/2015 12:45:51.91  00:00:00.00 A 900_226000569602    1     1
11/25/2015 12:45:51.22  00:00:05.57 A 900_226000569602   46     2
11/25/2015 12:46:13.09  00:00:00.81 A 900_226000569602    9   161
11/25/2015 12:47:15.17  00:00:00.20 A 900_226000533867    3   608
11/25/2015 12:47:19.10  00:00:00.10 A 900_226000533867    2    36
11/25/2015 12:47:23.94  00:00:00.61 A 900_226000533867    7    46
11/25/2015 13:00:18.13  00:00:00.50 A 900_226000532694    6  7688
11/25/2015 13:00:18.93  00:00:03.04 A 900_226000532694   31     2
11/25/2015 13:15:44.50  00:00:03.34 R 0000_0000000178692567   34  9168
11/25/2015 13:16:22.36  00:00:00.20 A 900_226000541224    3   342
11/25/2015 13:16:23.67  00:00:05.07 A 900_226000541224   51    10
11/25/2015 13:16:48.17  00:00:00.30 A 900_226000541224    4   192
11/25/2015 13:16:49.99  00:00:00.00 A 900_226000541224    1    14
11/25/2015 13:21:35.54  00:00:05.38 A 900_226000569720   54  2837
11/25/2015 13:21:42.23  00:00:00.40 A 900_226000569720    5    12
11/25/2015 13:21:54.12  00:00:01.00 A 900_226000569720   11   113
11/25/2015 13:22:05.09  00:00:00.20 A 900_226000569720    3    98
11/25/2015 13:26:25.84  00:00:00.92 A 900_226000719708   10  2589
11/25/2015 13:26:26.96  23:59:59.11 A 900_226000719708    2     1
11/25/2015 13:26:26.37  00:00:07.70 A 900_226000719708   67     2
11/25/2015 13:26:46.75  00:00:00.20 A 900_226000719708    3   125
11/25/2015 13:26:47.15  00:00:00.92 A 900_226000719708   10     1
11/25/2015 13:26:48.87  00:00:00.31 A 900_226000719708    4     7
11/25/2015 13:26:55.92  00:00:00.31 A 900_226000719708    4    66
11/25/2015 13:29:32.77  00:00:00.52 A 900_226000539789    6  1555
11/25/2015 13:29:34.10  00:00:01.71 A 900_226000539789   18     7
11/25/2015 13:29:37.73  00:00:00.82 A 900_226000539789   19     8
11/25/2015 13:30:07.73  00:00:00.72 A 900_226000539789    8   289
11/25/2015 13:30:10.16  00:00:03.14 A 900_226000539789   32    16
11/25/2015 13:30:13.50  00:00:01.42 A 900_226000539789   15     1
11/25/2015 13:30:39.29  00:00:00.00 A 900_226000539789    1   241
11/25/2015 13:30:39.49  00:00:00.60 A 900_226000539789    7     1
11/25/2015 13:32:24.64  00:00:03.34 A 900_226000092224   34  1038
11/25/2015 13:32:30.20  00:00:01.63 A 900_226000092224   17    21
11/25/2015 13:38:48.73  00:00:00.71 R 0000_0000000178692567    8  3745
11/25/2015 13:41:13.60  00:00:04.36 A 900_226000538540   44  1432
11/25/2015 13:41:28.43  00:00:01.83 A 900_226000538540   19   103
11/25/2015 13:43:43.95  00:00:00.11 A 900_226000686358    2  1328
11/25/2015 13:43:44.46  00:00:00.10 A 900_226000688837    2     3
11/25/2015 13:43:45.77  00:00:00.00 A 900_226000686358    1    11
11/25/2015 13:43:45.09  00:00:02.32 A 900_226000688837   14     2
11/25/2015 13:43:48.71  00:00:04.78 A 900_226000688837   48    12
11/25/2015 13:51:23.83  00:00:00.00 A 900_226000096394    1  4475
11/25/2015 13:51:25.14  00:00:00.20 A 900_226000096394    3    12
11/25/2015 13:51:26.25  00:00:00.00 A 900_226000096394    1     8
11/25/2015 13:51:26.46  00:00:00.20 A 900_226000096394    3     1
11/25/2015 13:51:26.86  00:00:06.30 A 900_226000096394   63     1
11/25/2015 13:51:41.10  00:00:00.41 A 900_226000096394    5    78
11/25/2015 13:51:45.14  00:00:00.30 A 900_226000096394    4    35
11/25/2015 13:51:45.64  00:00:00.92 A 900_226000096394   10     1
11/30/2015 08:07:34.01 supply power ok 18.0V
11/30/2015 08:07:34.01 database file opened
11/30/2015 08:07:34.01 starting reader after power up
11/30/2015 08:07:41.12  00:00:00.60 R 0000_0000000178692568    7     6
11/30/2015 08:07:41.04  00:00:00.00 R 0000_0000000178692568    1     2
11/30/2015 09:22:58.48 supply power ok 18.0V
11/30/2015 09:22:58.48 database file opened
11/30/2015 09:22:58.48 starting reader after power up
11/30/2015 09:23:12.08  00:00:00.40 R 0000_0000000178692568    5    80
11/30/2015 09:23:12.68  00:00:00.21 R 0000_0000000178692568    3     1
11/30/2015 09:23:12.10  00:00:01.60 R 0000_0000000178692568    7     1
11/30/2015 09:23:15.62  00:00:00.41 R 0000_0000000178692568    5    18
11/30/2015 09:23:16.24  00:00:00.30 R 0000_0000000178692568    4     1
11/30/2015 09:23:18.55  00:00:00.61 R 0000_0000000178692568    7    19
11/30/2015 09:23:46.33  00:00:00.92 R 0000_0000000178692568   10   269
11/30/2015 09:23:47.95  00:00:00.70 R 0000_0000000178692568    8     6
11/30/2015 09:23:54.90  00:00:00.41 R 0000_0000000178692568    5    61
11/30/2015 09:24:02.17  00:00:00.10 R 0000_0000000178692568    2    67
11/30/2015 09:24:02.67  00:00:00.10 R 0000_0000000178692568    2     3
11/30/2015 09:24:04.88  00:00:00.22 R 0000_0000000178692568   13    10
11/30/2015 09:24:26.79  00:00:00.10 R 0000_0000000178692568    2   214
11/30/2015 09:28:02.67  00:00:00.30 A 900_226000112083    4  2143
11/30/2015 09:28:03.77  00:00:01.94 A 900_226000112083   20     7
11/30/2015 09:31:41.28  00:00:03.76 A 900_226000096598   38  2141
11/30/2015 09:31:46.95  00:00:00.81 A 900_226000096598    9    18
11/30/2015 09:32:51.28  00:00:03.76 A 900_226000104650   38   630
11/30/2015 09:33:10.83  00:00:00.00 A 900_226000104650    1   156
11/30/2015 09:39:30.48  00:00:03.85 A 900_226000685075   39  3772
11/30/2015 09:39:34.63  00:00:01.53 A 900_226000685075   16     2
11/30/2015 09:39:49.39  00:00:01.11 A 900_226000685075   12   130
11/30/2015 09:40:58.63  00:00:04.26 A 900_226000091730   43   676
11/30/2015 09:41:49.08  00:00:00.70 A 900_226000091730    8   458
11/30/2015 09:49:13.14  00:00:02.74 A 900_226000720464   28  4405
11/30/2015 09:49:15.39  00:00:00.11 A 900_226000720464    2     4
11/30/2015 09:49:17.70  23:59:59.90 A 900_226000720464   10     1
11/30/2015 09:49:17.01  00:00:02.12 A 900_226000720464   12     3
11/30/2015 09:59:44.42  00:00:05.07 A 900_226000689677   51  6214
11/30/2015 10:00:11.83  00:00:01.43 A 900_226000689677   15   221
11/30/2015 10:00:15.47  00:00:01.42 A 900_226000689677   15    21
11/30/2015 10:00:29.57  00:00:00.30 A 900_226000104612    4   125
11/30/2015 10:00:31.78  00:00:00.22 A 900_226000104612   13     8
11/30/2015 10:00:32.20  00:00:00.00 A 900_226000104612    1     1
11/30/2015 10:07:53.53  00:00:00.31 A 900_226000083861    4  4385
11/30/2015 10:07:55.25  00:00:00.40 A 900_226000083861    5    13
11/30/2015 10:07:56.56  00:00:01.73 A 900_226000083861   18     8
11/30/2015 10:07:58.59  00:00:03.66 A 900_226000083861   37     2
11/30/2015 10:08:02.55  00:00:00.51 A 900_226000083861    6     2
11/30/2015 10:08:06.08  00:00:00.51 A 900_226000083861    6    29
11/30/2015 10:08:06.79  23:59:59.40 A 900_226000083861    5     1
11/30/2015 10:08:15.25  00:00:00.40 A 900_226000083861    5    79
11/30/2015 10:08:15.85  23:59:59.21 A 900_226000083861    3     1
11/30/2015 10:09:58.09  00:00:00.00 A 900_226000540709    1  1013
11/30/2015 10:09:59.49  00:00:00.62 A 900_226000540709    7    13
11/30/2015 10:10:00.31  00:00:00.60 A 900_226000540709    7     1
11/30/2015 10:10:01.12  00:00:00.00 A 900_226000540709    1     1
11/30/2015 10:12:26.80  00:00:02.04 A 900_226000083457   21  1447
11/30/2015 10:14:32.50  00:00:03.66 A 900_226000083540   37  1228
11/30/2015 10:23:53.86 supply power ok 17.1V
11/30/2015 10:23:53.86 database file opened
11/30/2015 10:23:53.86 starting reader after power up
11/30/2015 10:24:09.09  00:00:01.53 R 0000_0000000178692568   16    97
11/30/2015 10:24:11.43  00:00:01.31 R 0000_0000000178692568   14     7
11/30/2015 10:26:07.89 datalogger mode selected
11/30/2015 10:26:11.97  00:00:00.92 R 0000_0000000178692568   10  1184
11/30/2015 10:30:01.88  00:00:00.10 A 900_226000533720    2  2275
11/30/2015 10:30:03.70  00:00:00.00 A 900_226000533720    1    16
11/30/2015 10:30:04.40  00:00:04.56 A 900_226000533720   46     6
11/30/2015 10:30:31.32  00:00:01.10 A 900_226000533720   12   221
11/30/2015 10:31:18.01  00:00:00.11 R 0000_0000000178692568    2   452
11/30/2015 10:32:39.82  00:00:00.00 A 900_226000096949    1   811
11/30/2015 10:32:41.73  00:00:00.00 A 900_226000096949    1     8
11/30/2015 10:32:41.64  00:00:00.41 A 900_226000096949    5     8
11/30/2015 10:32:53.07  00:00:00.30 A 900_226000096949    4   108
11/30/2015 10:32:53.67  00:00:00.52 A 900_226000096949    6     2
11/30/2015 10:32:54.59  00:00:00.10 A 900_226000096949    2     3
11/30/2015 10:32:56.30  00:00:00.10 A 900_226000096949    2    15
11/30/2015 10:37:06.35  00:00:00.00 A 900_226000096949    1  2483
11/30/2015 10:37:06.65  00:00:00.61 A 900_226000096949    7     2
11/30/2015 10:37:07.57  00:00:00.00 A 900_226000096949    1     2
11/30/2015 10:37:30.11  00:00:00.30 A 900_226000096949    4   223
11/30/2015 10:37:51.14  00:00:00.10 R 0000_0000000178692568    2   205
11/30/2015 10:38:42.87  00:00:00.42 A 900_226000568036    5   512
11/30/2015 10:38:45.70  00:00:00.00 A 900_226000568036    1    23
11/30/2015 10:38:45.41  00:00:01.61 A 900_226000568036    7     6
11/30/2015 10:38:47.33  00:00:00.20 A 900_226000568036    3     2
11/30/2015 10:43:24.94  00:00:00.20 R 0000_0000000178692568    3  2756
11/30/2015 10:45:35.14  00:00:00.21 A 900_226000079551    3  1291
11/30/2015 10:45:36.36  00:00:00.40 A 900_226000079551    5     9
11/30/2015 10:45:36.47  00:00:01.82 A 900_226000079551    9     6
11/30/2015 10:46:06.37  00:00:00.10 A 900_226000083176    2   278
11/30/2015 10:46:07.17  00:00:00.40 A 900_226000083176    5     6
11/30/2015 10:46:08.88  00:00:00.62 A 900_226000083176    7    12
11/30/2015 10:46:09.10  00:00:01.81 A 900_226000083176    9     5
11/30/2015 10:46:20.48  23:59:59.52 A 900_226000083176    6    94
11/30/2015 10:46:21.60  00:00:00.00 A 900_226000083176    1     5
11/30/2015 10:46:23.91  00:00:00.00 A 900_226000083768    1    22
11/30/2015 10:46:25.12  00:00:00.20 A 900_226000083768    3    11
11/30/2015 10:46:26.43  00:00:00.31 A 900_226000083768    4    10
11/30/2015 10:46:27.55  00:00:01.21 A 900_226000083768   13     7
11/30/2015 10:46:38.22  00:00:00.30 A 900_226000083768    4    93
11/30/2015 10:46:38.04  00:00:01.20 A 900_226000083768    3     4
11/30/2015 10:47:19.89  00:00:00.21 A 900_226000083768    3   403
11/30/2015 10:47:20.70  00:00:00.20 A 900_226000083768    3     5
11/30/2015 10:49:48.32  00:00:01.42 A 900_226000685242   15  1464
11/30/2015 10:49:51.15  00:00:00.40 A 900_226000685242    5    13
11/30/2015 10:49:52.36  00:00:00.31 A 900_226000685242    4     7
11/30/2015 10:50:00.61  00:00:01.32 A 900_226000685242   14    78
11/30/2015 10:50:20.45  00:00:00.72 A 900_226000685242    8   183
11/30/2015 10:51:56.06  00:00:00.31 A 900_226000113996    4   942
11/30/2015 10:51:57.38  00:00:01.62 A 900_226000113996   17     9
11/30/2015 10:52:19.13  00:00:00.10 A 900_226000113996    2   199
11/30/2015 10:52:20.33  00:00:00.11 A 900_226000113996    2    10
11/30/2015 10:52:51.63  00:00:00.00 A 900_226000083989    1   309
11/30/2015 10:52:59.49  00:00:00.40 A 900_226000083989    5    77
11/30/2015 10:53:00.60  00:00:00.20 A 900_226000083989    3     6
11/30/2015 10:53:13.67  00:00:00.11 A 900_226000083989    2   127
11/30/2015 10:54:14.46  00:00:00.00 A 900_226000540602    1   602
11/30/2015 10:54:14.67  00:00:00.00 A 900_226000540602    1     1
11/30/2015 10:54:14.87  23:59:59.20 A 900_226000540602    3     1
11/30/2015 10:54:15.18  00:00:00.00 A 900_226000540602    1    10
11/30/2015 10:54:15.38  00:00:02.32 A 900_226000540602   14     1
11/30/2015 10:54:17.90  00:00:00.00 A 900_226000540602    1     1
11/30/2015 10:57:24.37  00:00:01.01 A 900_226000087326   11  1852
11/30/2015 10:57:25.58  00:00:02.95 A 900_226000087326   30     1
11/30/2015 11:02:31.69  00:00:00.10 A 900_226000588319    2  3012
11/30/2015 11:02:31.20  00:00:04.75 A 900_226000588319   38     3
11/30/2015 11:03:17.70  00:00:00.20 A 900_226000087294    3   414
11/30/2015 11:03:18.12  00:00:00.20 A 900_226000087294    3     1
11/30/2015 11:03:19.33  00:00:00.10 A 900_226000087294    2     9
11/30/2015 11:03:21.95  00:00:00.51 A 900_226000087294    6    24
11/30/2015 11:03:24.77  00:00:02.34 A 900_226000087294   24    22
11/30/2015 11:03:27.61  00:00:00.11 A 900_226000087294    2     4
11/30/2015 11:03:27.92  00:00:00.00 A 900_226000087294    1     1
11/30/2015 11:04:18.07  00:00:00.10 A 900_226000080459    2   497
11/30/2015 11:04:18.87  00:00:00.20 A 900_226000080459    3     6
11/30/2015 11:04:19.28  00:00:00.60 A 900_226000080459    7     1
11/30/2015 11:04:19.19  00:00:00.20 A 900_226000080459    3     2
11/30/2015 11:04:21.30  00:00:00.21 A 900_226000080459    3     8
11/30/2015 11:04:21.81  00:00:00.61 A 900_226000080459    7     2
11/30/2015 11:04:22.62  00:00:00.20 A 900_226000080459    3     1
11/30/2015 11:04:30.47  00:00:00.20 A 900_226000080459    3    75
11/30/2015 11:04:30.87  23:59:59.21 A 900_226000080459    3     1
11/30/2015 11:04:39.73  00:00:00.00 A 900_226000086359    1    85
11/30/2015 11:04:45.07  00:00:00.20 A 900_226000086359    3    52
11/30/2015 11:04:46.28  00:00:00.10 A 900_226000086359    2     9
11/30/2015 11:04:47.48  00:00:00.11 A 900_226000086359    2    10
11/30/2015 11:05:17.18  00:00:00.10 A 900_226000541132    2   293
11/30/2015 11:05:18.89  00:00:01.82 A 900_226000541132   19    15
11/30/2015 11:08:59.86  00:00:00.20 A 900_226000539188    3  2177
11/30/2015 11:09:01.37  00:00:01.32 A 900_226000539188   14    12
11/30/2015 11:13:35.95  00:00:03.76 A 900_226000083581   38  2715
11/30/2015 11:24:47.85  00:00:00.21 A 900_226000114277    3  6640
11/30/2015 11:24:48.86  00:00:01.93 A 900_226000114277   20     7
11/30/2015 11:24:52.50  00:00:00.72 A 900_226000114277   18     6
11/30/2015 11:24:56.14  00:00:00.81 A 900_226000114277    9    28
11/30/2015 11:25:08.28  00:00:00.72 A 900_226000114277    8   111
11/30/2015 11:27:38.32  00:00:03.76 A 900_226000681878   38  1482
11/30/2015 11:27:48.91  00:00:00.12 A 900_226000681878    2    67
11/30/2015 11:27:49.23  00:00:00.30 A 900_226000681878    4     1
11/30/2015 11:27:49.83  23:59:59.20 A 900_226000681878    3     2
11/30/2015 11:28:06.54  00:00:00.00 A 900_226000681878    1   163
11/30/2015 11:28:07.85  00:00:00.10 A 900_226000681878    2    12
11/30/2015 11:30:18.46  00:00:00.00 R 0000_0000000178692568    1  1296
11/30/2015 11:31:23.26  00:00:00.10 A 900_226000081557    2   643
11/30/2015 11:31:24.76  00:00:00.00 A 900_226000081557    1    13
11/30/2015 11:31:25.87  00:00:02.03 A 900_226000081557   21    10
11/30/2015 11:32:35.93  00:00:00.60 A 900_226000538147    7   675
11/30/2015 11:37:16.86  00:00:00.10 A 900_226000532785    2  2785
11/30/2015 11:37:18.38  00:00:00.31 A 900_226000532785    4    13
11/30/2015 11:37:19.39  00:00:01.93 A 900_226000532785   20     6
11/30/2015 11:44:02.85  00:00:00.81 R 0000_0000000178692568    9  3990
11/30/2015 11:44:16.04  00:00:00.70 R 0000_0000000178692567    8   122
11/30/2015 11:44:54.88  00:00:00.31 R 0000_0000000178692568    4   378
11/30/2015 11:45:21.16  00:00:01.01 R 0000_0000000178692568   11   257
11/30/2015 11:47:49.09  00:00:00.00 R 0000_0000000178692568    1  1459
11/30/2015 11:51:08.33  00:00:04.45 A 900_226000104371   45  1979
11/30/2015 11:51:30.01  00:00:01.31 A 900_226000104371   14   170
11/30/2015 11:56:33.16  00:00:00.30 A 900_226000588068    4  2999
11/30/2015 11:56:34.67  00:00:02.03 A 900_226000588068   21    11
11/30/2015 11:59:45.48  00:00:00.31 A 900_226000117260    4  1875
11/30/2015 11:59:48.21  00:00:02.32 A 900_226000117260   24    23
11/30/2015 12:02:08.99  00:00:02.34 A 900_226000119465   24  1375
11/30/2015 12:03:44.61  00:00:01.11 A 900_226000588540   12   926
11/30/2015 12:05:21.11  00:00:00.00 A 900_226000083826    1   947
11/30/2015 12:05:21.62  00:00:00.00 A 900_226000083826    1     4
11/30/2015 12:05:21.82  00:00:00.10 A 900_226000083826    2     1
11/30/2015 12:05:21.13  00:00:00.10 A 900_226000083826    2     1
11/30/2015 12:32:01.68 supply power ok 16.3V
11/30/2015 12:32:01.68 database file opened
11/30/2015 12:32:01.68 starting reader after power up
11/30/2015 12:32:16.33  00:00:01.42 R 0000_0000000178692568   15    91
11/30/2015 12:32:20.37  00:00:00.92 R 0000_0000000178692568   10    25
11/30/2015 12:35:48.17  00:00:00.40 A 900_226000588717    5  2055
11/30/2015 12:35:49.38  00:00:00.20 A 900_226000588717    3     7
11/30/2015 12:35:49.78  00:00:00.82 A 900_226000588717    9     1
11/30/2015 12:35:50.80  23:59:59.40 A 900_226000588717    5     1
11/30/2015 12:36:11.43  00:00:00.41 A 900_226000588717    5   200
11/30/2015 12:39:09.43  00:00:00.10 A 900_226000645494    2  1764
11/30/2015 12:39:09.74  00:00:00.10 A 900_226000645494    2     1
11/30/2015 12:48:27.85  00:00:00.00 A 900_226000690739    1  5545
11/30/2015 12:48:29.07  00:00:00.10 A 900_226000690739    2    11
11/30/2015 12:48:44.56  00:00:01.73 A 900_226000690739   18   152
11/30/2015 12:53:29.81  00:00:00.10 A 900_226000686220    2  2817
11/30/2015 12:53:30.12  00:00:03.65 A 900_226000686220   37     1
11/30/2015 13:01:43.64  00:00:01.22 A 900_226000534423   13  4868
11/30/2015 13:01:44.37  00:00:01.81 A 900_226000534423    9     4
11/30/2015 13:02:09.03  00:00:00.00 A 900_226000534432    1   226
11/30/2015 13:02:09.23  00:00:00.20 A 900_226000534432    3     1
11/30/2015 13:02:10.65  00:00:00.00 A 900_226000534432    1    11
11/30/2015 13:02:10.85  00:00:01.52 A 900_226000534432   16     1
11/30/2015 13:02:18.72  00:00:00.20 A 900_226000534432    3    62
11/30/2015 13:02:30.70  00:00:00.92 A 900_226000534310   10   116
11/30/2015 13:02:31.82  23:59:59.41 A 900_226000534310    5     1
11/30/2015 13:11:43.97  00:00:00.21 A 900_226000540118    3  5483
11/30/2015 13:11:45.29  00:00:00.40 A 900_226000540118    5    10
11/30/2015 13:11:46.50  00:00:00.81 A 900_226000540118    9     7
11/30/2015 13:12:21.51  00:00:00.10 A 900_226000540118    2   339
11/30/2015 13:33:56.41  00:00:00.81 A 900_226000534435    9 12869
11/30/2015 13:33:57.72  00:00:00.61 A 900_226000534435    7     4
11/30/2015 13:33:59.65  00:00:00.00 A 900_226000534435    1    12
11/30/2015 13:35:17.83  00:00:00.10 A 900_226000587324    2   776
11/30/2015 13:35:18.13  00:00:00.10 A 900_226000587324    2     1
11/30/2015 13:35:18.93  00:00:00.00 A 900_226000587324    1     6
11/30/2015 13:35:18.15  00:00:01.20 A 900_226000587324    3     1
11/30/2015 13:35:20.76  00:00:00.40 A 900_226000587324    5    13
11/30/2015 13:35:21.46  00:00:00.30 A 900_226000587324    4     2
11/30/2015 13:35:34.85  00:00:00.31 A 900_226000587324    4   129
11/30/2015 13:35:35.36  00:00:00.00 A 900_226000587324    1     1
11/30/2015 13:35:35.66  00:00:00.20 A 900_226000587324    3     2
11/30/2015 13:35:35.17  00:00:00.20 A 900_226000587324    3     2
11/30/2015 13:42:53.54  00:00:00.00 A 900_226000568670    1  4344
11/30/2015 13:45:12.03  00:00:04.76 R 0000_0000000178692568   48  1375
11/30/2015 13:48:24.54  00:00:00.40 R 0000_0000000178692568    5  1865
11/30/2015 13:50:45.31  00:00:00.00 A 900_226000684158    1  1394
11/30/2015 13:50:48.03  00:00:00.20 A 900_226000684158    3    26
11/30/2015 13:50:48.43  00:00:00.50 A 900_226000684158    6     1
11/30/2015 13:50:49.24  00:00:00.81 A 900_226000684158    9     2
11/30/2015 13:50:50.25  00:00:00.50 A 900_226000684158    6     1
11/30/2015 13:56:29.80  00:00:00.00 R 0000_0000000178692568    1  3369
11/30/2015 13:56:29.42  00:00:02.30 R 0000_0000000178692568    4     5
11/30/2015 13:59:37.15  00:00:02.13 A 900_226000540253   22  1852
11/30/2015 13:59:40.39  00:00:00.91 A 900_226000540253   10    10
11/30/2015 13:59:41.50  00:00:00.10 A 900_226000540253    2     1
11/30/2015 14:01:05.81  00:00:00.00 A 900_226000084180    1   836
11/30/2015 14:01:07.33  00:00:00.31 A 900_226000084180    4    14
11/30/2015 14:01:08.44  00:00:01.32 A 900_226000084180   14     7
11/30/2015 14:02:05.01  00:00:00.00 A 900_226000114197    1   548
11/30/2015 14:02:05.41  00:00:00.50 A 900_226000114197    6     3
11/30/2015 14:02:07.63  00:00:00.10 A 900_226000114197    2    16
11/30/2015 14:02:10.45  00:00:01.52 A 900_226000114197   16    26
11/30/2015 14:02:22.25  00:00:00.50 A 900_226000114197    6   101
11/30/2015 14:02:22.96  23:59:59.40 A 900_226000114197    5     1
11/30/2015 14:02:23.56  00:00:00.20 A 900_226000114197    3     1
11/30/2015 14:10:16.92  00:00:00.00 A 900_226000539145    1  4702
11/30/2015 14:10:18.93  00:00:00.21 A 900_226000539145    3    19
11/30/2015 14:10:20.25  00:00:00.91 A 900_226000539145   10    10
11/30/2015 14:10:48.43  00:00:00.30 A 900_226000539145    4   270
11/30/2015 14:11:07.06  00:00:04.35 A 900_226000091464   44   181
11/30/2015 14:11:11.61  00:00:00.00 A 900_226000091464    1     1
11/30/2015 14:11:11.91  00:00:00.62 A 900_226000091464    7     2
11/30/2015 14:15:09.45  00:00:00.00 A 900_226000084835    1  2354
11/30/2015 14:15:16.19  00:00:00.00 A 900_226000118917    1    66
11/30/2015 14:15:16.39  00:00:00.10 A 900_226000084835    2     1
11/30/2015 14:15:18.11  00:00:00.10 A 900_226000084835    2    15
11/30/2015 14:15:26.16  00:00:00.00 A 900_226000084835    1    78
11/30/2015 14:15:28.18  00:00:00.20 A 900_226000084835    3    19
11/30/2015 14:15:49.31  00:00:00.20 A 900_226000084835    3   207
11/30/2015 14:15:49.71  00:00:02.02 A 900_226000118917   21     1
11/30/2015 14:15:51.35  00:00:01.71 A 900_226000118917    8     5
11/30/2015 14:17:59.32  00:00:00.00 A 900_226000084042    1  1254
11/30/2015 14:18:01.13  00:00:00.30 A 900_226000084042    4    17
11/30/2015 14:18:01.63  23:59:59.42 A 900_226000084042    5     1
11/30/2015 14:18:02.35  00:00:00.92 A 900_226000084042   10     2
11/30/2015 14:18:03.97  00:00:00.50 A 900_226000084042    6     6
11/30/2015 14:18:22.69  00:00:00.81 A 900_226000084042    9   180
11/30/2015 14:21:08.59  00:00:00.42 A 900_226000588043    5  1640
11/30/2015 14:21:10.32  00:00:01.83 A 900_226000588043   19    12
11/30/2015 14:22:13.51  00:00:00.41 A 900_226000092186    5   609
11/30/2015 14:22:15.94  00:00:01.52 A 900_226000092186   16    19
11/30/2015 14:22:17.07  00:00:01.40 A 900_226000092186    5     5
11/30/2015 14:22:37.29  00:00:01.41 A 900_226000092186   15   186
11/30/2015 14:26:10.79  00:00:00.61 R 0000_0000000178692568    7  2107
11/30/2015 14:31:41.78  23:59:59.22 A 900_226000094467    3  3283
11/30/2015 14:31:42.40  00:00:00.61 A 900_226000094467    7     3
11/30/2015 14:31:43.31  00:00:01.93 A 900_226000094467   20     2
11/30/2015 14:32:00.13  00:00:00.30 A 900_226000094467    4   147
11/30/2015 14:32:17.14  00:00:00.10 A 900_226000117729    2   165
11/30/2015 14:32:18.95  00:00:00.20 A 900_226000117729    3    16
11/30/2015 14:32:19.65  00:00:00.62 A 900_226000092318    7     4
11/30/2015 14:32:20.77  00:00:00.41 A 900_226000117729    5     4
11/30/2015 14:32:21.68  00:00:00.41 A 900_226000117729    5     4
11/30/2015 14:32:22.59  00:00:00.41 A 900_226000092318    5     4
11/30/2015 14:32:23.80  00:00:00.31 A 900_226000092318    4     7
11/30/2015 14:32:24.62  00:00:00.00 A 900_226000117729    1     4
11/30/2015 14:32:27.24  00:00:01.61 A 900_226000117729   17    25
11/30/2015 14:32:28.36  00:00:00.00 A 900_226000117729    1     4
11/30/2015 14:32:30.88  00:00:00.20 A 900_226000117729    3    14
11/30/2015 14:32:32.50  00:00:00.10 A 900_226000117729    2    13
11/30/2015 14:32:32.80  00:00:01.12 A 900_226000117729   12     1
11/30/2015 14:32:34.12  00:00:02.44 A 900_226000117729   25     1
11/30/2015 14:32:36.96  00:00:00.40 A 900_226000117729    5     3
11/30/2015 14:32:40.18  00:00:00.51 A 900_226000117729    6    27
11/30/2015 14:32:41.50  00:00:01.72 A 900_226000092318   18     7
11/30/2015 14:32:45.35  00:00:00.40 A 900_226000092318    5    20
11/30/2015 14:32:45.26  00:00:02.31 A 900_226000092318   14     4
11/30/2015 14:33:05.78  00:00:00.20 A 900_226000538707    3   180
11/30/2015 14:33:07.30  00:00:00.50 A 900_226000538707    6    12
11/30/2015 14:33:07.20  00:00:02.31 A 900_226000538707    4     3
11/30/2015 14:33:10.33  00:00:00.30 A 900_226000538707    4    17
11/30/2015 14:33:45.65  00:00:00.00 A 900_226000119421    1   347
11/30/2015 14:33:48.27  00:00:00.20 A 900_226000119421    3    25
11/30/2015 14:33:48.78  00:00:00.20 A 900_226000119421    3     2
11/30/2015 14:34:36.57  00:00:00.61 A 900_226000539347    7   472
11/30/2015 14:35:09.18  00:00:00.50 A 900_226000117733    6   317
11/30/2015 14:35:09.98  23:59:59.31 A 900_226000117733    4     2
11/30/2015 14:35:10.59  00:00:00.21 A 900_226000117733    3     2
11/30/2015 14:35:13.92  00:00:00.82 A 900_226000117733    9    30
11/30/2015 14:35:16.35  00:00:00.30 A 900_226000117733    4    15
11/30/2015 14:35:17.96  00:00:00.42 A 900_226000117733    5    12
11/30/2015 14:35:18.58  00:00:00.80 A 900_226000117733    9     1
11/30/2015 14:35:24.52  00:00:01.31 A 900_226000117733   14    50
11/30/2015 14:36:07.90  23:59:59.10 A 900_226000119772    2   417
11/30/2015 14:36:09.51  00:00:00.30 A 900_226000119772    4    14
11/30/2015 14:36:11.62  00:00:00.32 A 900_226000119772   14     7
11/30/2015 14:36:13.55  00:00:00.71 A 900_226000119772    8    15
11/30/2015 14:36:15.97  00:00:01.01 A 900_226000119772   11    16
11/30/2015 14:39:09.93  00:00:00.31 A 900_226000538441    4  1718
11/30/2015 14:39:11.45  00:00:00.30 A 900_226000538441    4    11
11/30/2015 14:39:11.96  23:59:59.30 A 900_226000538441    4     1
11/30/2015 14:39:11.46  00:00:01.50 A 900_226000538441    6     1
11/30/2015 14:40:14.74  00:00:00.00 A 900_226000538441    1   613
11/30/2015 14:40:15.85  00:00:01.22 A 900_226000538441   13    10
11/30/2015 14:42:20.72  00:00:00.10 A 900_226000118215    2  1228
11/30/2015 14:42:25.56  00:00:05.28 A 900_226000118215   53    46
11/30/2015 14:48:15.02  00:00:03.25 A 900_226000568547   33  3420
11/30/2015 14:48:32.26  00:00:00.30 A 900_226000568547    4   138
11/30/2015 14:48:34.08  00:00:00.10 A 900_226000568591    2    14
11/30/2015 14:48:35.40  00:00:02.32 A 900_226000104497   24    11
11/30/2015 14:49:00.98  00:00:00.11 A 900_226000104497    2   229
11/30/2015 14:49:01.89  00:00:00.61 A 900_226000568591    7     7
11/30/2015 14:49:04.12  00:00:01.01 A 900_226000568591   11    15
11/30/2015 14:49:10.19  00:00:00.20 A 900_226000568591    3    49
11/30/2015 14:49:16.65  00:00:00.30 A 900_226000568591    4    61
11/30/2015 14:49:23.20  00:00:00.00 A 900_226000084899    1    61
11/30/2015 14:49:57.91  00:00:00.00 A 900_226000104503    1   344
11/30/2015 14:49:58.11  00:00:00.00 A 900_226000104503    1     1
11/30/2015 14:49:59.33  00:00:01.32 A 900_226000104503   14    11
11/30/2015 14:50:00.85  00:00:03.04 A 900_226000104503   31     1
11/30/2015 14:50:03.49  00:00:00.00 A 900_226000104503    1     5
11/30/2015 14:50:05.70  23:59:59.61 A 900_226000104503    7     1
11/30/2015 14:50:12.06  00:00:00.71 A 900_226000104503    8    66
11/30/2015 14:50:20.12  00:00:01.02 A 900_226000104503   11    72
11/30/2015 14:51:17.88  00:00:00.30 A 900_226000092218    4   563
11/30/2015 14:51:19.49  00:00:00.30 A 900_226000092218    4    12
11/30/2015 14:51:19.40  00:00:05.47 A 900_226000092218   45     5
11/30/2015 14:51:55.16  00:00:00.30 A 900_226000092218    4   300
11/30/2015 14:51:56.86  00:00:00.21 A 900_226000092218    3    13
11/30/2015 14:51:57.78  00:00:00.31 A 900_226000092218    4     6
11/30/2015 14:52:04.72  00:00:00.51 A 900_226000092218    6    65
11/30/2015 14:55:58.03  00:00:00.10 A 900_226000085724    2  2313
11/30/2015 14:55:58.43  00:00:00.62 A 900_226000085724    7     2
11/30/2015 14:55:59.25  00:00:01.02 A 900_226000085724   11     1
11/30/2015 14:56:00.57  00:00:00.10 A 900_226000085724    2     2
11/30/2015 14:56:02.28  00:00:00.10 A 900_226000085724    2    15
11/30/2015 14:56:02.58  00:00:00.20 A 900_226000085724    3     1
11/30/2015 14:56:28.34  00:00:00.51 A 900_226000085724    6   253
11/30/2015 14:58:52.82  00:00:00.31 A 900_226000081124    4  1430
11/30/2015 14:58:54.14  00:00:00.20 A 900_226000081124    3     9
11/30/2015 14:58:54.54  00:00:00.20 A 900_226000081124    3     1
11/30/2015 14:59:29.95  00:00:00.00 A 900_226000539526    1   349
11/30/2015 14:59:30.26  00:00:00.10 A 900_226000539526    2     2
11/30/2015 14:59:30.17  00:00:00.00 A 900_226000539526    1     7
11/30/2015 14:59:31.48  00:00:02.94 A 900_226000539526   30     2
11/30/2015 14:59:43.37  00:00:00.00 A 900_226000539526    1    88
11/30/2015 15:03:46.26 reader name changed
11/30/2015 15:04:19.48 reader name changed
11/30/2015 15:04:31.17 supply power ok 15.2V
11/30/2015 15:04:31.17 database file opened
11/30/2015 15:04:31.17 starting reader after power up
11/30/2015 15:04:31.75  00:00:06.22 R 0000_0000000178692568   13     0
12/04/2015 08:05:51.33 supply power ok 18.0V
12/04/2015 08:05:51.33 database file opened
12/04/2015 08:05:51.33 starting reader after power up
12/04/2015 08:06:08.99  00:00:00.81 R 0000_0000000178692568    9   121
12/04/2015 08:06:11.61  23:59:59.41 R 0000_0000000178692568    5     7
12/04/2015 08:06:20.89  00:00:00.51 R 0000_0000000178692568    6    97
12/04/2015 08:06:22.61  00:00:00.62 R 0000_0000000178692568    7    11
12/04/2015 09:21:22.62 supply power ok 18.0V
12/04/2015 09:21:22.63 database file opened
12/04/2015 09:21:22.63 starting reader after power up
12/04/2015 09:23:06.83  00:00:00.51 R 0000_0000000178692568    6   981
12/04/2015 09:23:07.54  00:00:00.21 R 0000_0000000178692568    3     1
12/04/2015 09:23:09.66  00:00:00.00 R 0000_0000000178692568    1    18
12/04/2015 09:23:29.63 datalogger mode selected
12/04/2015 09:32:03.57  00:00:00.62 A 900_226000541508    7  5303
12/04/2015 09:32:05.80  00:00:02.23 A 900_226000541508   23    15
12/04/2015 09:32:10.14  00:00:01.22 A 900_226000541508   13    20
12/04/2015 09:32:14.88  00:00:00.72 A 900_226000541508    8    34
12/04/2015 09:32:38.53  00:00:00.41 A 900_226000541508    5   227
12/04/2015 09:32:40.06  00:00:01.11 A 900_226000541508   12    10
12/04/2015 09:36:51.05  00:00:02.53 A 900_226000532516   26  2482
12/04/2015 09:36:54.89  00:00:00.52 A 900_226000532516    6    12
12/04/2015 09:37:13.43  00:00:00.81 A 900_226000532516    9   178
12/04/2015 09:37:58.52  00:00:00.10 A 900_226000118986    2   439
12/04/2015 09:37:59.33  00:00:02.03 A 900_226000118986   21     6
12/04/2015 09:42:12.79  00:00:00.32 A 900_226000094685    4  2498
12/04/2015 09:42:14.41  00:00:03.24 A 900_226000094685   33    12
12/04/2015 09:42:42.12  00:00:00.10 A 900_226000083619    2   242
12/04/2015 09:42:44.05  00:00:00.10 A 900_226000082287    2    17
12/04/2015 09:42:47.18  00:00:02.02 A 900_226000083619   21    29
12/04/2015 09:42:56.96  00:00:06.09 A 900_226000083619   61    76
12/04/2015 09:43:05.18  00:00:00.91 A 900_226000083619   10    20
12/04/2015 09:44:19.96  00:00:04.46 A 900_226000539436   45   733
12/04/2015 09:44:26.15  00:00:05.57 A 900_226000539436   56    16
12/04/2015 09:44:34.45  00:00:00.10 A 900_226000539436    2    26
12/04/2015 09:44:34.07  00:00:00.10 A 900_226000539436    2     4
12/04/2015 09:44:35.37  00:00:00.20 A 900_226000539436    3     1
12/04/2015 09:44:41.64  00:00:00.10 A 900_226000539436    2    59
12/04/2015 09:44:41.35  00:00:02.11 A 900_226000539436   12     5
12/04/2015 09:44:45.69  00:00:01.00 A 900_226000539436   11    21
12/04/2015 09:45:25.34  00:00:00.61 A 900_226000539985    7   383
12/04/2015 09:45:26.26  00:00:01.41 A 900_226000539985   15     2
12/04/2015 09:45:29.09  23:59:59.91 A 900_226000539985   10    13
12/04/2015 09:45:30.50  00:00:00.30 A 900_226000539985    4     4
12/04/2015 09:45:30.31  00:00:00.10 A 900_226000539985    2     4
12/04/2015 09:45:33.32  00:00:02.04 A 900_226000539985   21    18
12/04/2015 09:48:25.30  00:00:00.21 A 900_226000097242    3  1688
12/04/2015 09:48:27.12  00:00:01.62 A 900_226000097242   17    15
12/04/2015 09:48:28.25  00:00:00.10 A 900_226000097242    2     4
12/04/2015 09:48:29.95  00:00:00.32 A 900_226000097242    4     5
12/04/2015 09:48:31.87  00:00:00.31 A 900_226000097242    4    15
12/04/2015 09:48:32.48  00:00:01.52 A 900_226000097242   16     2
12/04/2015 09:48:34.30  00:00:00.20 A 900_226000097242    3     2
12/04/2015 09:48:44.97  00:00:00.52 A 900_226000097242    6   103
12/04/2015 09:49:05.90  00:00:00.21 A 900_226000097242    3   202
12/04/2015 09:55:03.56 supply power ok 17.4V
12/04/2015 09:55:03.56 database file opened
12/04/2015 09:55:03.56 starting reader after power up
12/04/2015 09:57:15.04  00:00:04.36 A 900_226000534424   44  1252
12/04/2015 09:57:20.50  00:00:00.72 A 900_226000534424    8    10
12/04/2015 09:57:53.22  00:00:00.00 A 900_226000080584    1   317
12/04/2015 09:57:53.42  00:00:00.20 A 900_226000080584    3     1
12/04/2015 09:57:55.52  00:00:00.40 A 900_226000080584    5     8
12/04/2015 09:57:55.13  00:00:00.51 A 900_226000080584    6     1
12/04/2015 09:57:55.84  00:00:01.52 A 900_226000080584   16     1
12/04/2015 09:57:57.76  00:00:00.72 A 900_226000080584    8     3
12/04/2015 09:57:59.69  00:00:00.30 A 900_226000080584    4    11
12/04/2015 09:58:00.29  00:00:00.20 A 900_226000080584    3     2
12/04/2015 09:58:00.70  23:59:59.41 A 900_226000080584    5     1
12/04/2015 09:58:03.32  00:00:01.02 A 900_226000080584   11    21
12/04/2015 09:58:40.17  00:00:00.50 A 900_226000104710    6   355
12/04/2015 09:58:41.57  00:00:02.34 A 900_226000104710   24     8
12/04/2015 09:58:44.21  00:00:00.00 A 900_226000104710    1     2
12/04/2015 09:59:48.73  00:00:02.03 A 900_226000539464   21   640
12/04/2015 10:00:53.35  00:00:03.66 A 900_226000532783   37   621
12/04/2015 10:00:57.51  00:00:00.00 A 900_226000532783    1     4
12/04/2015 10:01:00.03  00:00:01.21 A 900_226000532783   13    24
12/04/2015 10:01:54.56  00:00:00.20 A 900_226000538450    3   529
12/04/2015 10:01:55.88  00:00:02.43 A 900_226000538450   25    10
12/04/2015 10:02:03.35  00:00:00.00 A 900_226000538450    1    49
12/04/2015 10:02:40.49  00:00:00.50 R 0000_0000000178692568    6   368
12/04/2015 10:03:01.74  00:00:00.82 R 0000_0000000178692568    9   205
12/04/2015 10:16:19.11 supply power ok 17.2V
12/04/2015 10:16:19.11 database file opened
12/04/2015 10:16:19.12 starting reader after power up
12/04/2015 10:16:19.69  00:00:10.87 R 0000_0000000178692568   49     0
12/04/2015 10:16:52.30  00:00:01.01 R 0000_0000000178692568   11   215
12/04/2015 10:21:12.69  00:00:01.83 A 900_226000096761   19  2577
12/04/2015 10:21:14.03  00:00:01.61 A 900_226000096761    7     4
12/04/2015 10:21:15.84  23:59:59.31 A 900_226000096761    4     1
12/04/2015 10:21:16.55  00:00:00.40 A 900_226000096761    5     3
12/04/2015 10:21:17.65  00:00:00.31 A 900_226000096761    4     6
12/04/2015 10:21:18.17  00:00:00.20 A 900_226000096761    3     1
12/04/2015 10:22:13.91  00:00:01.73 A 900_226000081313   18   551
12/04/2015 10:22:16.54  00:00:02.54 A 900_226000081313   26     8
12/04/2015 10:26:25.91  00:00:00.41 A 900_226000113678    5  2452
12/04/2015 10:26:27.24  00:00:01.20 A 900_226000113678   13     8
12/04/2015 10:29:57.28  00:00:00.51 A 900_226000119303    6  2074
12/04/2015 10:29:58.60  00:00:01.82 A 900_226000119303   19     7
12/04/2015 10:34:38.14  00:00:00.10 A 900_226000534317    2  2759
12/04/2015 10:34:39.85  00:00:00.10 A 900_226000534317    2    15
12/04/2015 10:34:40.76  00:00:03.55 A 900_226000534317   36     7
12/04/2015 10:34:45.92  00:00:01.22 A 900_226000534317   13    15
12/04/2015 10:36:12.88  00:00:00.61 A 900_226000084094    7   851
12/04/2015 10:36:13.69  00:00:03.15 A 900_226000084094   32     1
12/04/2015 10:36:16.24  00:00:01.92 A 900_226000084094   10     3
12/04/2015 10:36:21.18  00:00:02.94 A 900_226000084094   30    29
12/04/2015 10:36:26.14  00:00:03.75 A 900_226000084094   38    19
12/04/2015 10:36:32.11  00:00:01.12 A 900_226000084094   12    21
12/04/2015 10:39:15.83  00:00:00.52 A 900_226000085317    6  1615
12/04/2015 10:39:16.85  00:00:01.32 A 900_226000085317   14     4
12/04/2015 10:39:20.19  00:00:01.01 A 900_226000085317   11    19
12/04/2015 10:40:39.79  00:00:00.31 A 900_226000092006    4   780
12/04/2015 10:40:41.50  00:00:00.82 A 900_226000092006    9    13
12/04/2015 10:43:35.48  00:00:00.10 A 900_226000091759    2  1720
12/04/2015 10:43:37.40  00:00:00.21 A 900_226000091759    3    17
12/04/2015 10:43:40.53  00:00:03.05 A 900_226000091759   31    28
12/04/2015 10:43:44.29  00:00:01.82 A 900_226000091759   19     6
12/04/2015 10:43:47.03  00:00:01.71 A 900_226000091759   18     8
12/04/2015 10:44:00.21  00:00:01.32 A 900_226000091759   14   113
12/04/2015 10:46:46.55  00:00:00.51 R 0000_0000000178692568    6  1639
12/04/2015 10:50:53.77  00:00:00.40 A 900_226000532323    5  2451
12/04/2015 10:50:54.98  00:00:01.73 A 900_226000532323   18     7
12/04/2015 10:50:57.91  00:00:01.33 A 900_226000532323   14    11
12/04/2015 10:51:12.52  00:00:00.10 A 900_226000532323    2   131
12/04/2015 10:55:01.02  00:00:01.92 R 0000_0000000178692568   20  2269
12/04/2015 10:55:05.36  00:00:00.92 R 0000_0000000178692568   10    23
12/04/2015 10:55:15.54  00:00:00.60 R 0000_0000000178692568    7    91
12/04/2015 10:56:43.29  00:00:06.29 A 900_226000084575   63   865
12/04/2015 10:57:00.18  00:00:01.42 A 900_226000084575   15   104
12/04/2015 11:00:40.06  00:00:00.80 A 900_226000083497    9  2170
12/04/2015 11:02:58.62  00:00:00.00 A 900_226000083871    1  1368
12/04/2015 11:02:58.82  00:00:00.71 A 900_226000083871    8     1
12/04/2015 11:02:59.84  00:00:02.64 A 900_226000083871   27     2
12/04/2015 11:03:06.79  00:00:00.42 A 900_226000083871    5    42
12/04/2015 11:04:25.59  00:00:02.03 A 900_226000119643   21   778
12/04/2015 11:04:32.06  00:00:02.13 A 900_226000119643   22    43
12/04/2015 11:07:29.78  00:00:00.60 R 0000_0000000178692568    7  1744
12/04/2015 11:13:44.57  00:00:00.82 A 900_226000115657    9  3718
12/04/2015 11:13:45.59  23:59:59.41 A 900_226000115657    5     1
12/04/2015 11:13:46.20  00:00:01.11 A 900_226000115657   12     1
12/04/2015 11:13:58.09  00:00:00.00 A 900_226000115657    1   106
12/04/2015 11:13:58.29  00:00:00.81 A 900_226000115657    9     1
12/04/2015 11:14:44.58  00:00:00.40 A 900_226000113658    5   451
12/04/2015 11:14:45.79  00:00:05.38 A 900_226000113658   54     7
12/04/2015 11:17:19.79  00:00:00.31 A 900_226000082439    4  1476
12/04/2015 11:17:20.90  00:00:02.14 A 900_226000082439   22     7
12/04/2015 11:18:08.81  00:00:01.12 A 900_226000082439   12   454
12/04/2015 11:23:21.26  00:00:00.70 A 900_226000096715    8  3093
12/04/2015 11:23:22.66  00:00:01.12 A 900_226000096715   12     6
12/04/2015 11:23:41.39  00:00:00.72 A 900_226000096715    8   174
12/04/2015 11:23:48.85  00:00:00.10 A 900_226000096715    2    66
12/04/2015 11:23:50.46  00:00:00.10 A 900_226000096715    2    14
12/04/2015 11:23:53.58  00:00:00.20 A 900_226000104868    3    29
12/04/2015 11:23:55.70  00:00:00.71 A 900_226000104868    8    18
12/04/2015 11:27:16.65  00:00:00.10 A 900_226000080565    2  1989
12/04/2015 11:27:17.86  00:00:01.93 A 900_226000080565   20    10
12/04/2015 11:27:19.20  00:00:00.20 A 900_226000080565    3     3
12/04/2015 11:27:20.60  00:00:01.31 A 900_226000080565   14     1
12/04/2015 11:29:10.18  00:00:00.30 A 900_226000084760    4  1075
12/04/2015 11:29:10.00  00:00:00.10 A 900_226000084760    2     4
12/04/2015 11:29:12.71  00:00:04.76 A 900_226000084760   48    15
12/04/2015 11:29:32.78  00:00:02.04 A 900_226000082389   21   151
12/04/2015 11:29:37.74  00:00:01.92 A 900_226000082389   20    28
12/04/2015 11:29:40.47  00:00:01.21 A 900_226000082389   13     7
12/04/2015 11:29:57.19  00:00:00.92 A 900_226000082389   10   153
12/04/2015 11:29:59.73  00:00:00.50 A 900_226000082389    6    15
12/04/2015 11:31:47.90  00:00:00.11 A 900_226000082358    2  1069
12/04/2015 11:31:48.31  00:00:00.91 A 900_226000082358   10     2
12/04/2015 11:31:49.82  00:00:02.44 A 900_226000082358   25     5
12/04/2015 11:31:52.56  00:00:00.10 A 900_226000082358    2     2
12/04/2015 11:32:24.16  00:00:00.20 A 900_226000119327    3   312
12/04/2015 11:32:25.48  00:00:01.10 A 900_226000119327   12    10
12/04/2015 11:34:18.38  00:00:00.10 A 900_226000091502    2  1110
12/04/2015 11:34:20.20  00:00:00.61 A 900_226000091502    7    16
12/04/2015 11:34:22.91  23:59:59.41 A 900_226000091502    5    10
12/04/2015 11:35:59.82  00:00:00.10 A 900_226000119383    2   968
12/04/2015 11:36:00.23  00:00:00.41 A 900_226000119383    5     2
12/04/2015 11:36:01.64  00:00:01.32 A 900_226000119383   14     9
12/04/2015 11:36:03.77  00:00:02.44 A 900_226000119383   25     7
12/04/2015 11:36:06.51  00:00:01.52 A 900_226000119383   16     2
12/04/2015 11:36:08.23  00:00:00.82 A 900_226000119383    9     1
12/04/2015 14:41:52.95 supply power ok 16.4V
12/04/2015 14:41:52.95 database file opened
12/04/2015 14:41:52.95 starting reader after power up
--------- upload 33 done ---------

>